ARM GAS  C:\Users\casey\AppData\Local\Temp\ccOobyUC.s 			page 1


   1              		.syntax unified
   2              		.cpu cortex-m0
   3              		.fpu softvfp
   4              		.eabi_attribute 20, 1
   5              		.eabi_attribute 21, 1
   6              		.eabi_attribute 23, 3
   7              		.eabi_attribute 24, 1
   8              		.eabi_attribute 25, 1
   9              		.eabi_attribute 26, 1
  10              		.eabi_attribute 30, 1
  11              		.eabi_attribute 34, 0
  12              		.eabi_attribute 18, 4
  13              		.thumb
  14              		.syntax unified
  15              		.file	"main.c"
  16              		.text
  17              	.Ltext0:
  18              		.cfi_sections	.debug_frame
  19              		.section	.text.On_Lim_1,"ax",%progbits
  20              		.align	2
  21              		.global	On_Lim_1
  22              		.code	16
  23              		.thumb_func
  24              		.type	On_Lim_1, %function
  25              	On_Lim_1:
  26              	.LFB38:
  27              		.file 1 "main.c"
   1:main.c        **** /* ========================================
   2:main.c        ****  *
   3:main.c        ****  * Copyright YOUR COMPANY, THE YEAR
   4:main.c        ****  * All Rights Reserved
   5:main.c        ****  * UNPUBLISHED, LICENSED SOFTWARE.
   6:main.c        ****  *
   7:main.c        ****  * CONFIDENTIAL AND PROPRIETARY INFORMATION
   8:main.c        ****  * WHICH IS THE PROPERTY OF your company.
   9:main.c        ****  *
  10:main.c        ****  * ========================================
  11:main.c        **** */
  12:main.c        **** #include "project.h"
  13:main.c        **** #include <stdlib.h>
  14:main.c        **** #include "main.h"
  15:main.c        **** 
  16:main.c        **** const int CLOCK_FREQUENCY = 1000000;
  17:main.c        **** 
  18:main.c        **** double maxVelocity = 1440; // deg/s
  19:main.c        **** double maxAcceleration = 360; // deg/s/s
  20:main.c        **** int stepMode = 0; // microstep setting, 0 for full step
  21:main.c        **** 
  22:main.c        **** 
  23:main.c        **** double stepSize = 360.0 / 200.0;// deg/step
  24:main.c        **** double maxAccel = 360.0*10;// deg/s^2
  25:main.c        **** 
  26:main.c        **** int targetPosition = 0;
  27:main.c        **** int currentVelocity = 0;
  28:main.c        **** int dbg_step = 1;
  29:main.c        **** int E = 0;
  30:main.c        **** int E_max;
ARM GAS  C:\Users\casey\AppData\Local\Temp\ccOobyUC.s 			page 2


  31:main.c        **** int dir = 1;
  32:main.c        **** 
  33:main.c        **** 
  34:main.c        **** double getCurrentPosition()
  35:main.c        **** {
  36:main.c        ****     return Step_Counter_ReadCounter();
  37:main.c        **** }
  38:main.c        **** 
  39:main.c        **** 
  40:main.c        **** 
  41:main.c        **** void StartMove(int target)
  42:main.c        **** {
  43:main.c        ****     targetPosition = target;
  44:main.c        ****     PrintInt(targetPosition);
  45:main.c        ****     Println("");
  46:main.c        ****     Step_Counter_Enable();
  47:main.c        **** }
  48:main.c        **** 
  49:main.c        **** void GotoAngle(double angle) {
  50:main.c        ****     StartMove(round(angle / stepSize));
  51:main.c        **** }
  52:main.c        **** 
  53:main.c        **** void Step(int steps) {
  54:main.c        ****     StartMove(targetPosition + steps);
  55:main.c        **** }
  56:main.c        **** 
  57:main.c        **** CY_ISR(On_Lim_1) {
  28              		.loc 1 57 0
  29              		.cfi_startproc
  30              		@ args = 0, pretend = 0, frame = 0
  31              		@ frame_needed = 0, uses_anonymous_args = 0
  32 0000 10B5     		push	{r4, lr}
  33              		.cfi_def_cfa_offset 8
  34              		.cfi_offset 4, -8
  35              		.cfi_offset 14, -4
  58:main.c        ****     Println("Hit limit switch 1");
  36              		.loc 1 58 0
  37 0002 0748     		ldr	r0, .L2
  38 0004 FFF7FEFF 		bl	DBG_UART_UartPutString
  39              	.LVL0:
  40 0008 0648     		ldr	r0, .L2+4
  41 000a FFF7FEFF 		bl	DBG_UART_UartPutString
  42              	.LVL1:
  59:main.c        ****     Step_Timer_Stop();
  43              		.loc 1 59 0
  44 000e FFF7FEFF 		bl	Step_Timer_Stop
  45              	.LVL2:
  60:main.c        ****     Step_Counter_WriteCounter(0);
  46              		.loc 1 60 0
  47 0012 0020     		movs	r0, #0
  48 0014 FFF7FEFF 		bl	Step_Counter_WriteCounter
  49              	.LVL3:
  61:main.c        ****     isr_lim_1_ClearPending();
  50              		.loc 1 61 0
  51 0018 FFF7FEFF 		bl	isr_lim_1_ClearPending
  52              	.LVL4:
  62:main.c        **** }
ARM GAS  C:\Users\casey\AppData\Local\Temp\ccOobyUC.s 			page 3


  53              		.loc 1 62 0
  54              		@ sp needed
  55 001c 10BD     		pop	{r4, pc}
  56              	.L3:
  57 001e C046     		.align	2
  58              	.L2:
  59 0020 00000000 		.word	.LC0
  60 0024 14000000 		.word	.LC2
  61              		.cfi_endproc
  62              	.LFE38:
  63              		.size	On_Lim_1, .-On_Lim_1
  64              		.section	.text.On_Lim_2,"ax",%progbits
  65              		.align	2
  66              		.global	On_Lim_2
  67              		.code	16
  68              		.thumb_func
  69              		.type	On_Lim_2, %function
  70              	On_Lim_2:
  71              	.LFB39:
  63:main.c        **** 
  64:main.c        **** CY_ISR(On_Lim_2) {
  72              		.loc 1 64 0
  73              		.cfi_startproc
  74              		@ args = 0, pretend = 0, frame = 0
  75              		@ frame_needed = 0, uses_anonymous_args = 0
  76 0000 10B5     		push	{r4, lr}
  77              		.cfi_def_cfa_offset 8
  78              		.cfi_offset 4, -8
  79              		.cfi_offset 14, -4
  65:main.c        ****     Println("Hit limit switch 2");
  80              		.loc 1 65 0
  81 0002 0548     		ldr	r0, .L5
  82 0004 FFF7FEFF 		bl	DBG_UART_UartPutString
  83              	.LVL5:
  84 0008 0448     		ldr	r0, .L5+4
  85 000a FFF7FEFF 		bl	DBG_UART_UartPutString
  86              	.LVL6:
  66:main.c        ****     Step_Timer_Stop();
  87              		.loc 1 66 0
  88 000e FFF7FEFF 		bl	Step_Timer_Stop
  89              	.LVL7:
  67:main.c        ****     isr_lim_2_ClearPending();
  90              		.loc 1 67 0
  91 0012 FFF7FEFF 		bl	isr_lim_2_ClearPending
  92              	.LVL8:
  68:main.c        **** }
  93              		.loc 1 68 0
  94              		@ sp needed
  95 0016 10BD     		pop	{r4, pc}
  96              	.L6:
  97              		.align	2
  98              	.L5:
  99 0018 18000000 		.word	.LC4
 100 001c 14000000 		.word	.LC2
 101              		.cfi_endproc
 102              	.LFE39:
 103              		.size	On_Lim_2, .-On_Lim_2
ARM GAS  C:\Users\casey\AppData\Local\Temp\ccOobyUC.s 			page 4


 104              		.section	.text.On_Fault,"ax",%progbits
 105              		.align	2
 106              		.global	On_Fault
 107              		.code	16
 108              		.thumb_func
 109              		.type	On_Fault, %function
 110              	On_Fault:
 111              	.LFB40:
  69:main.c        **** 
  70:main.c        **** CY_ISR(On_Fault) {
 112              		.loc 1 70 0
 113              		.cfi_startproc
 114              		@ args = 0, pretend = 0, frame = 0
 115              		@ frame_needed = 0, uses_anonymous_args = 0
 116 0000 10B5     		push	{r4, lr}
 117              		.cfi_def_cfa_offset 8
 118              		.cfi_offset 4, -8
 119              		.cfi_offset 14, -4
  71:main.c        ****     Println("Driver fault");
 120              		.loc 1 71 0
 121 0002 0548     		ldr	r0, .L8
 122 0004 FFF7FEFF 		bl	DBG_UART_UartPutString
 123              	.LVL9:
 124 0008 0448     		ldr	r0, .L8+4
 125 000a FFF7FEFF 		bl	DBG_UART_UartPutString
 126              	.LVL10:
  72:main.c        ****     Step_Timer_Stop();
 127              		.loc 1 72 0
 128 000e FFF7FEFF 		bl	Step_Timer_Stop
 129              	.LVL11:
  73:main.c        ****     isr_fault_ClearPending();
 130              		.loc 1 73 0
 131 0012 FFF7FEFF 		bl	isr_fault_ClearPending
 132              	.LVL12:
  74:main.c        **** }
 133              		.loc 1 74 0
 134              		@ sp needed
 135 0016 10BD     		pop	{r4, pc}
 136              	.L9:
 137              		.align	2
 138              	.L8:
 139 0018 2C000000 		.word	.LC7
 140 001c 14000000 		.word	.LC2
 141              		.cfi_endproc
 142              	.LFE40:
 143              		.size	On_Fault, .-On_Fault
 144              		.global	__aeabi_i2d
 145              		.global	__aeabi_dmul
 146              		.global	__aeabi_ddiv
 147              		.global	__aeabi_d2iz
 148              		.global	__aeabi_idiv
 149              		.section	.text.On_Step,"ax",%progbits
 150              		.align	2
 151              		.global	On_Step
 152              		.code	16
 153              		.thumb_func
 154              		.type	On_Step, %function
ARM GAS  C:\Users\casey\AppData\Local\Temp\ccOobyUC.s 			page 5


 155              	On_Step:
 156              	.LFB41:
  75:main.c        **** 
  76:main.c        **** CY_ISR(On_Step) {
 157              		.loc 1 76 0
 158              		.cfi_startproc
 159              		@ args = 0, pretend = 0, frame = 0
 160              		@ frame_needed = 0, uses_anonymous_args = 0
 161 0000 D0B5     		push	{r4, r6, r7, lr}
 162              		.cfi_def_cfa_offset 16
 163              		.cfi_offset 4, -16
 164              		.cfi_offset 6, -12
 165              		.cfi_offset 7, -8
 166              		.cfi_offset 14, -4
  77:main.c        ****     int pos = Step_Counter_ReadCounter();
 167              		.loc 1 77 0
 168 0002 FFF7FEFF 		bl	Step_Counter_ReadCounter
 169              	.LVL13:
 170 0006 0400     		movs	r4, r0
 171              	.LVL14:
  78:main.c        ****     
  79:main.c        ****     if (E == 0) {
 172              		.loc 1 79 0
 173 0008 314B     		ldr	r3, .L18
 174 000a 1B68     		ldr	r3, [r3]
 175 000c 002B     		cmp	r3, #0
 176 000e 16D1     		bne	.L11
  80:main.c        ****         if (pos == targetPosition) {
 177              		.loc 1 80 0
 178 0010 2F4B     		ldr	r3, .L18
 179 0012 5B68     		ldr	r3, [r3, #4]
 180 0014 9842     		cmp	r0, r3
 181 0016 02D1     		bne	.L12
  81:main.c        ****             Step_Timer_Stop();
 182              		.loc 1 81 0
 183 0018 FFF7FEFF 		bl	Step_Timer_Stop
 184              	.LVL15:
 185 001c 0FE0     		b	.L11
 186              	.LVL16:
 187              	.L12:
  82:main.c        ****         }
  83:main.c        ****         else {
  84:main.c        ****             if (targetPosition >= pos) {   
 188              		.loc 1 84 0
 189 001e 9842     		cmp	r0, r3
 190 0020 06DC     		bgt	.L13
  85:main.c        ****                 Direction_Write(1);
 191              		.loc 1 85 0
 192 0022 0120     		movs	r0, #1
 193              	.LVL17:
 194 0024 FFF7FEFF 		bl	Direction_Write
 195              	.LVL18:
  86:main.c        ****                 dir = 1;
 196              		.loc 1 86 0
 197 0028 0122     		movs	r2, #1
 198 002a 2A4B     		ldr	r3, .L18+4
 199 002c 1A60     		str	r2, [r3]
ARM GAS  C:\Users\casey\AppData\Local\Temp\ccOobyUC.s 			page 6


 200 002e 06E0     		b	.L11
 201              	.LVL19:
 202              	.L13:
  87:main.c        ****             } else {
  88:main.c        ****                 Direction_Write(0);
 203              		.loc 1 88 0
 204 0030 0020     		movs	r0, #0
 205              	.LVL20:
 206 0032 FFF7FEFF 		bl	Direction_Write
 207              	.LVL21:
  89:main.c        ****                 dir = -1;
 208              		.loc 1 89 0
 209 0036 0122     		movs	r2, #1
 210 0038 5242     		rsbs	r2, r2, #0
 211 003a 264B     		ldr	r3, .L18+4
 212 003c 1A60     		str	r2, [r3]
 213              	.L11:
  90:main.c        ****             }
  91:main.c        ****         }
  92:main.c        ****     }
  93:main.c        ****     if (E > targetPosition - pos) {
 214              		.loc 1 93 0
 215 003e 244B     		ldr	r3, .L18
 216 0040 5A68     		ldr	r2, [r3, #4]
 217 0042 101B     		subs	r0, r2, r4
 218 0044 1B68     		ldr	r3, [r3]
 219 0046 9842     		cmp	r0, r3
 220 0048 05DA     		bge	.L14
  94:main.c        ****         E -= dir;
 221              		.loc 1 94 0
 222 004a 224A     		ldr	r2, .L18+4
 223 004c 1268     		ldr	r2, [r2]
 224 004e 9B1A     		subs	r3, r3, r2
 225 0050 1F4A     		ldr	r2, .L18
 226 0052 1360     		str	r3, [r2]
 227 0054 08E0     		b	.L15
 228              	.L14:
  95:main.c        ****     } else if (E < E_max) {
 229              		.loc 1 95 0
 230 0056 204A     		ldr	r2, .L18+8
 231 0058 1268     		ldr	r2, [r2]
 232 005a 9342     		cmp	r3, r2
 233 005c 04DA     		bge	.L15
  96:main.c        ****         E += dir;
 234              		.loc 1 96 0
 235 005e 1D4A     		ldr	r2, .L18+4
 236 0060 1268     		ldr	r2, [r2]
 237 0062 D318     		adds	r3, r2, r3
 238 0064 1A4A     		ldr	r2, .L18
 239 0066 1360     		str	r3, [r2]
 240              	.L15:
  97:main.c        ****     }
  98:main.c        ****     
  99:main.c        ****     int new_period = CLOCK_FREQUENCY/sqrt(abs(E)*maxAcceleration/stepSize);
 241              		.loc 1 99 0
 242 0068 194B     		ldr	r3, .L18
 243 006a 1868     		ldr	r0, [r3]
ARM GAS  C:\Users\casey\AppData\Local\Temp\ccOobyUC.s 			page 7


 244 006c C317     		asrs	r3, r0, #31
 245 006e C018     		adds	r0, r0, r3
 246 0070 5840     		eors	r0, r3
 247 0072 184C     		ldr	r4, .L18+4
 248              	.LVL22:
 249 0074 FFF7FEFF 		bl	__aeabi_i2d
 250              	.LVL23:
 251 0078 A268     		ldr	r2, [r4, #8]
 252 007a E368     		ldr	r3, [r4, #12]
 253 007c FFF7FEFF 		bl	__aeabi_dmul
 254              	.LVL24:
 255 0080 0600     		movs	r6, r0
 256 0082 0F00     		movs	r7, r1
 257 0084 2269     		ldr	r2, [r4, #16]
 258 0086 6369     		ldr	r3, [r4, #20]
 259 0088 3000     		movs	r0, r6
 260 008a 3900     		movs	r1, r7
 261 008c FFF7FEFF 		bl	__aeabi_ddiv
 262              	.LVL25:
 263 0090 FFF7FEFF 		bl	sqrt
 264              	.LVL26:
 265 0094 0200     		movs	r2, r0
 266 0096 0B00     		movs	r3, r1
 267 0098 0020     		movs	r0, #0
 268 009a 1049     		ldr	r1, .L18+12
 269 009c FFF7FEFF 		bl	__aeabi_ddiv
 270              	.LVL27:
 271 00a0 FFF7FEFF 		bl	__aeabi_d2iz
 272              	.LVL28:
 273 00a4 0400     		movs	r4, r0
 274              	.LVL29:
 100:main.c        ****     
 101:main.c        ****     if (CLOCK_FREQUENCY/new_period < 5000) {
 275              		.loc 1 101 0
 276 00a6 0100     		movs	r1, r0
 277 00a8 0D48     		ldr	r0, .L18+16
 278              	.LVL30:
 279 00aa FFF7FEFF 		bl	__aeabi_idiv
 280              	.LVL31:
 281 00ae 0D4B     		ldr	r3, .L18+20
 282 00b0 9842     		cmp	r0, r3
 283 00b2 03DC     		bgt	.L16
 102:main.c        ****         
 103:main.c        ****         Step_Timer_WritePeriod(new_period);
 284              		.loc 1 103 0
 285 00b4 2000     		movs	r0, r4
 286 00b6 FFF7FEFF 		bl	Step_Timer_WritePeriod
 287              	.LVL32:
 288 00ba 05E0     		b	.L17
 289              	.L16:
 104:main.c        ****     } else {
 105:main.c        ****         Println("Step frequency capped at 5kHz, you fucked up");
 290              		.loc 1 105 0
 291 00bc 0A48     		ldr	r0, .L18+24
 292 00be FFF7FEFF 		bl	DBG_UART_UartPutString
 293              	.LVL33:
 294 00c2 0A48     		ldr	r0, .L18+28
ARM GAS  C:\Users\casey\AppData\Local\Temp\ccOobyUC.s 			page 8


 295 00c4 FFF7FEFF 		bl	DBG_UART_UartPutString
 296              	.LVL34:
 297              	.L17:
 106:main.c        ****     }
 107:main.c        ****     isr_step_ClearPending();
 298              		.loc 1 107 0
 299 00c8 FFF7FEFF 		bl	isr_step_ClearPending
 300              	.LVL35:
 108:main.c        **** }
 301              		.loc 1 108 0
 302              		@ sp needed
 303              	.LVL36:
 304 00cc D0BD     		pop	{r4, r6, r7, pc}
 305              	.L19:
 306 00ce C046     		.align	2
 307              	.L18:
 308 00d0 00000000 		.word	.LANCHOR0
 309 00d4 00000000 		.word	.LANCHOR1
 310 00d8 00000000 		.word	E_max
 311 00dc 80842E41 		.word	1093567616
 312 00e0 40420F00 		.word	1000000
 313 00e4 87130000 		.word	4999
 314 00e8 3C000000 		.word	.LC13
 315 00ec 14000000 		.word	.LC2
 316              		.cfi_endproc
 317              	.LFE41:
 318              		.size	On_Step, .-On_Step
 319              		.global	__aeabi_ui2d
 320              		.section	.text.getCurrentPosition,"ax",%progbits
 321              		.align	2
 322              		.global	getCurrentPosition
 323              		.code	16
 324              		.thumb_func
 325              		.type	getCurrentPosition, %function
 326              	getCurrentPosition:
 327              	.LFB34:
  35:main.c        ****     return Step_Counter_ReadCounter();
 328              		.loc 1 35 0
 329              		.cfi_startproc
 330              		@ args = 0, pretend = 0, frame = 0
 331              		@ frame_needed = 0, uses_anonymous_args = 0
 332 0000 10B5     		push	{r4, lr}
 333              		.cfi_def_cfa_offset 8
 334              		.cfi_offset 4, -8
 335              		.cfi_offset 14, -4
  36:main.c        **** }
 336              		.loc 1 36 0
 337 0002 FFF7FEFF 		bl	Step_Counter_ReadCounter
 338              	.LVL37:
 339 0006 FFF7FEFF 		bl	__aeabi_ui2d
 340              	.LVL38:
  37:main.c        **** 
 341              		.loc 1 37 0
 342              		@ sp needed
 343 000a 10BD     		pop	{r4, pc}
 344              		.cfi_endproc
 345              	.LFE34:
ARM GAS  C:\Users\casey\AppData\Local\Temp\ccOobyUC.s 			page 9


 346              		.size	getCurrentPosition, .-getCurrentPosition
 347              		.section	.text.StartMove,"ax",%progbits
 348              		.align	2
 349              		.global	StartMove
 350              		.code	16
 351              		.thumb_func
 352              		.type	StartMove, %function
 353              	StartMove:
 354              	.LFB35:
  42:main.c        ****     targetPosition = target;
 355              		.loc 1 42 0
 356              		.cfi_startproc
 357              		@ args = 0, pretend = 0, frame = 0
 358              		@ frame_needed = 0, uses_anonymous_args = 0
 359              	.LVL39:
 360 0000 10B5     		push	{r4, lr}
 361              		.cfi_def_cfa_offset 8
 362              		.cfi_offset 4, -8
 363              		.cfi_offset 14, -4
  43:main.c        ****     PrintInt(targetPosition);
 364              		.loc 1 43 0
 365 0002 084B     		ldr	r3, .L22
 366 0004 5860     		str	r0, [r3, #4]
  44:main.c        ****     Println("");
 367              		.loc 1 44 0
 368 0006 0A22     		movs	r2, #10
 369 0008 0749     		ldr	r1, .L22+4
 370 000a FFF7FEFF 		bl	itoa
 371              	.LVL40:
 372 000e FFF7FEFF 		bl	DBG_UART_UartPutString
 373              	.LVL41:
  45:main.c        ****     Step_Counter_Enable();
 374              		.loc 1 45 0
 375 0012 0648     		ldr	r0, .L22+8
 376 0014 FFF7FEFF 		bl	DBG_UART_UartPutString
 377              	.LVL42:
 378 0018 0548     		ldr	r0, .L22+12
 379 001a FFF7FEFF 		bl	DBG_UART_UartPutString
 380              	.LVL43:
  46:main.c        **** }
 381              		.loc 1 46 0
 382 001e FFF7FEFF 		bl	Step_Counter_Enable
 383              	.LVL44:
  47:main.c        **** 
 384              		.loc 1 47 0
 385              		@ sp needed
 386 0022 10BD     		pop	{r4, pc}
 387              	.L23:
 388              		.align	2
 389              	.L22:
 390 0024 00000000 		.word	.LANCHOR0
 391 0028 00000000 		.word	debugOutput
 392 002c 6C000000 		.word	.LC18
 393 0030 14000000 		.word	.LC2
 394              		.cfi_endproc
 395              	.LFE35:
 396              		.size	StartMove, .-StartMove
ARM GAS  C:\Users\casey\AppData\Local\Temp\ccOobyUC.s 			page 10


 397              		.section	.text.GotoAngle,"ax",%progbits
 398              		.align	2
 399              		.global	GotoAngle
 400              		.code	16
 401              		.thumb_func
 402              		.type	GotoAngle, %function
 403              	GotoAngle:
 404              	.LFB36:
  49:main.c        ****     StartMove(round(angle / stepSize));
 405              		.loc 1 49 0
 406              		.cfi_startproc
 407              		@ args = 0, pretend = 0, frame = 0
 408              		@ frame_needed = 0, uses_anonymous_args = 0
 409              	.LVL45:
 410 0000 10B5     		push	{r4, lr}
 411              		.cfi_def_cfa_offset 8
 412              		.cfi_offset 4, -8
 413              		.cfi_offset 14, -4
  50:main.c        **** }
 414              		.loc 1 50 0
 415 0002 064B     		ldr	r3, .L25
 416 0004 1A69     		ldr	r2, [r3, #16]
 417 0006 5B69     		ldr	r3, [r3, #20]
 418 0008 FFF7FEFF 		bl	__aeabi_ddiv
 419              	.LVL46:
 420 000c FFF7FEFF 		bl	round
 421              	.LVL47:
 422 0010 FFF7FEFF 		bl	__aeabi_d2iz
 423              	.LVL48:
 424 0014 FFF7FEFF 		bl	StartMove
 425              	.LVL49:
  51:main.c        **** 
 426              		.loc 1 51 0
 427              		@ sp needed
 428 0018 10BD     		pop	{r4, pc}
 429              	.L26:
 430 001a C046     		.align	2
 431              	.L25:
 432 001c 00000000 		.word	.LANCHOR1
 433              		.cfi_endproc
 434              	.LFE36:
 435              		.size	GotoAngle, .-GotoAngle
 436              		.section	.text.Step,"ax",%progbits
 437              		.align	2
 438              		.global	Step
 439              		.code	16
 440              		.thumb_func
 441              		.type	Step, %function
 442              	Step:
 443              	.LFB37:
  53:main.c        ****     StartMove(targetPosition + steps);
 444              		.loc 1 53 0
 445              		.cfi_startproc
 446              		@ args = 0, pretend = 0, frame = 0
 447              		@ frame_needed = 0, uses_anonymous_args = 0
 448              	.LVL50:
 449 0000 10B5     		push	{r4, lr}
ARM GAS  C:\Users\casey\AppData\Local\Temp\ccOobyUC.s 			page 11


 450              		.cfi_def_cfa_offset 8
 451              		.cfi_offset 4, -8
 452              		.cfi_offset 14, -4
  54:main.c        **** }
 453              		.loc 1 54 0
 454 0002 034B     		ldr	r3, .L28
 455 0004 5B68     		ldr	r3, [r3, #4]
 456 0006 C018     		adds	r0, r0, r3
 457              	.LVL51:
 458 0008 FFF7FEFF 		bl	StartMove
 459              	.LVL52:
  55:main.c        **** 
 460              		.loc 1 55 0
 461              		@ sp needed
 462 000c 10BD     		pop	{r4, pc}
 463              	.L29:
 464 000e C046     		.align	2
 465              	.L28:
 466 0010 00000000 		.word	.LANCHOR0
 467              		.cfi_endproc
 468              	.LFE37:
 469              		.size	Step, .-Step
 470              		.section	.text.main,"ax",%progbits
 471              		.align	2
 472              		.global	main
 473              		.code	16
 474              		.thumb_func
 475              		.type	main, %function
 476              	main:
 477              	.LFB42:
 109:main.c        **** 
 110:main.c        **** 
 111:main.c        **** int main(void)
 112:main.c        **** {
 478              		.loc 1 112 0
 479              		.cfi_startproc
 480              		@ args = 0, pretend = 0, frame = 0
 481              		@ frame_needed = 0, uses_anonymous_args = 0
 482 0000 70B5     		push	{r4, r5, r6, lr}
 483              		.cfi_def_cfa_offset 16
 484              		.cfi_offset 4, -16
 485              		.cfi_offset 5, -12
 486              		.cfi_offset 6, -8
 487              		.cfi_offset 14, -4
 113:main.c        ****     CyGlobalIntEnable; /* Enable global interrupts. */
 488              		.loc 1 113 0
 489              		.syntax divided
 490              	@ 113 "main.c" 1
 491 0002 62B6     		CPSIE   i
 492              	@ 0 "" 2
 114:main.c        ****     
 115:main.c        ****     isr_lim_1_StartEx(On_Lim_1);
 493              		.loc 1 115 0
 494              		.thumb
 495              		.syntax unified
 496 0004 5048     		ldr	r0, .L41
 497 0006 FFF7FEFF 		bl	isr_lim_1_StartEx
ARM GAS  C:\Users\casey\AppData\Local\Temp\ccOobyUC.s 			page 12


 498              	.LVL53:
 116:main.c        ****     isr_lim_2_StartEx(On_Lim_2);
 499              		.loc 1 116 0
 500 000a 5048     		ldr	r0, .L41+4
 501 000c FFF7FEFF 		bl	isr_lim_2_StartEx
 502              	.LVL54:
 117:main.c        ****     isr_fault_StartEx(On_Fault);
 503              		.loc 1 117 0
 504 0010 4F48     		ldr	r0, .L41+8
 505 0012 FFF7FEFF 		bl	isr_fault_StartEx
 506              	.LVL55:
 118:main.c        ****     isr_step_StartEx(On_Step);
 507              		.loc 1 118 0
 508 0016 4F48     		ldr	r0, .L41+12
 509 0018 FFF7FEFF 		bl	isr_step_StartEx
 510              	.LVL56:
 119:main.c        ****     Step_Counter_Start();
 511              		.loc 1 119 0
 512 001c FFF7FEFF 		bl	Step_Counter_Start
 513              	.LVL57:
 120:main.c        ****     Step_Timer_Init(); // Init but don't start the counter
 514              		.loc 1 120 0
 515 0020 FFF7FEFF 		bl	Step_Timer_Init
 516              	.LVL58:
 121:main.c        ****     
 122:main.c        ****     DBG_UART_Start();
 517              		.loc 1 122 0
 518 0024 FFF7FEFF 		bl	DBG_UART_Start
 519              	.LVL59:
 123:main.c        ****     
 124:main.c        ****     Println("Restart");
 520              		.loc 1 124 0
 521 0028 4B48     		ldr	r0, .L41+16
 522 002a FFF7FEFF 		bl	DBG_UART_UartPutString
 523              	.LVL60:
 524 002e 4B48     		ldr	r0, .L41+20
 525 0030 FFF7FEFF 		bl	DBG_UART_UartPutString
 526              	.LVL61:
 125:main.c        ****     
 126:main.c        ****     if (stepMode == 0) {
 527              		.loc 1 126 0
 528 0034 4A4B     		ldr	r3, .L41+24
 529 0036 9B68     		ldr	r3, [r3, #8]
 530 0038 002B     		cmp	r3, #0
 531 003a 04D1     		bne	.L31
 127:main.c        ****         stepSize = 360.0/200;
 532              		.loc 1 127 0
 533 003c 4948     		ldr	r0, .L41+28
 534 003e 4A49     		ldr	r1, .L41+32
 535 0040 4A4B     		ldr	r3, .L41+36
 536 0042 1861     		str	r0, [r3, #16]
 537 0044 5961     		str	r1, [r3, #20]
 538              	.L31:
 128:main.c        ****     }
 129:main.c        ****     E_max = (int) maxVelocity*maxVelocity/stepSize/2/maxAcceleration;
 539              		.loc 1 129 0
 540 0046 494E     		ldr	r6, .L41+36
ARM GAS  C:\Users\casey\AppData\Local\Temp\ccOobyUC.s 			page 13


 541 0048 B469     		ldr	r4, [r6, #24]
 542 004a F569     		ldr	r5, [r6, #28]
 543 004c 2000     		movs	r0, r4
 544 004e 2900     		movs	r1, r5
 545 0050 FFF7FEFF 		bl	__aeabi_d2iz
 546              	.LVL62:
 547 0054 FFF7FEFF 		bl	__aeabi_i2d
 548              	.LVL63:
 549 0058 2200     		movs	r2, r4
 550 005a 2B00     		movs	r3, r5
 551 005c FFF7FEFF 		bl	__aeabi_dmul
 552              	.LVL64:
 553 0060 3269     		ldr	r2, [r6, #16]
 554 0062 7369     		ldr	r3, [r6, #20]
 555 0064 FFF7FEFF 		bl	__aeabi_ddiv
 556              	.LVL65:
 557 0068 0022     		movs	r2, #0
 558 006a 414B     		ldr	r3, .L41+40
 559 006c FFF7FEFF 		bl	__aeabi_dmul
 560              	.LVL66:
 561 0070 B268     		ldr	r2, [r6, #8]
 562 0072 F368     		ldr	r3, [r6, #12]
 563 0074 FFF7FEFF 		bl	__aeabi_ddiv
 564              	.LVL67:
 565 0078 3E4C     		ldr	r4, .L41+44
 566 007a FFF7FEFF 		bl	__aeabi_d2iz
 567              	.LVL68:
 568 007e 2060     		str	r0, [r4]
 130:main.c        ****     Print("E_max is ");
 569              		.loc 1 130 0
 570 0080 3D48     		ldr	r0, .L41+48
 571 0082 FFF7FEFF 		bl	DBG_UART_UartPutString
 572              	.LVL69:
 131:main.c        ****     PrintInt(E_max);
 573              		.loc 1 131 0
 574 0086 2068     		ldr	r0, [r4]
 575 0088 0A22     		movs	r2, #10
 576 008a 3C49     		ldr	r1, .L41+52
 577 008c FFF7FEFF 		bl	itoa
 578              	.LVL70:
 579 0090 FFF7FEFF 		bl	DBG_UART_UartPutString
 580              	.LVL71:
 132:main.c        ****     Println("");
 581              		.loc 1 132 0
 582 0094 3A48     		ldr	r0, .L41+56
 583 0096 FFF7FEFF 		bl	DBG_UART_UartPutString
 584              	.LVL72:
 585 009a 3048     		ldr	r0, .L41+20
 586 009c FFF7FEFF 		bl	DBG_UART_UartPutString
 587              	.LVL73:
 588              	.L32:
 589              	.LBB2:
 133:main.c        ****     
 134:main.c        ****     for(;;)
 135:main.c        ****     {
 136:main.c        ****         
 137:main.c        ****         int currentPosition = Step_Counter_ReadCounter();
ARM GAS  C:\Users\casey\AppData\Local\Temp\ccOobyUC.s 			page 14


 590              		.loc 1 137 0
 591 00a0 FFF7FEFF 		bl	Step_Counter_ReadCounter
 592              	.LVL74:
 138:main.c        ****         
 139:main.c        ****         int data = DBG_UART_UartGetByte();
 593              		.loc 1 139 0
 594 00a4 FFF7FEFF 		bl	DBG_UART_UartGetByte
 595              	.LVL75:
 140:main.c        ****         if (data == RIGHT) {
 596              		.loc 1 140 0
 597 00a8 6428     		cmp	r0, #100
 598 00aa 04D1     		bne	.L33
 141:main.c        ****             Step(dbg_step);
 599              		.loc 1 141 0
 600 00ac 2F4B     		ldr	r3, .L41+36
 601 00ae 186A     		ldr	r0, [r3, #32]
 602              	.LVL76:
 603 00b0 FFF7FEFF 		bl	Step
 604              	.LVL77:
 605 00b4 F4E7     		b	.L32
 606              	.LVL78:
 607              	.L33:
 142:main.c        ****         } else if (data == LEFT) {
 608              		.loc 1 142 0
 609 00b6 6128     		cmp	r0, #97
 610 00b8 05D1     		bne	.L35
 143:main.c        ****             Step(-dbg_step);
 611              		.loc 1 143 0
 612 00ba 2C4B     		ldr	r3, .L41+36
 613 00bc 186A     		ldr	r0, [r3, #32]
 614              	.LVL79:
 615 00be 4042     		rsbs	r0, r0, #0
 616 00c0 FFF7FEFF 		bl	Step
 617              	.LVL80:
 618 00c4 ECE7     		b	.L32
 619              	.LVL81:
 620              	.L35:
 144:main.c        ****         } else if (data == UP) {
 621              		.loc 1 144 0
 622 00c6 7728     		cmp	r0, #119
 623 00c8 1CD1     		bne	.L36
 145:main.c        ****             if (dbg_step < 200) {
 624              		.loc 1 145 0
 625 00ca 284B     		ldr	r3, .L41+36
 626 00cc 1B6A     		ldr	r3, [r3, #32]
 627 00ce C72B     		cmp	r3, #199
 628 00d0 03DC     		bgt	.L37
 146:main.c        ****                 dbg_step *= 2;
 629              		.loc 1 146 0
 630 00d2 5B00     		lsls	r3, r3, #1
 631 00d4 254A     		ldr	r2, .L41+36
 632 00d6 1362     		str	r3, [r2, #32]
 633 00d8 02E0     		b	.L38
 634              	.L37:
 147:main.c        ****             } else {
 148:main.c        ****                 dbg_step = 200;
 635              		.loc 1 148 0
ARM GAS  C:\Users\casey\AppData\Local\Temp\ccOobyUC.s 			page 15


 636 00da C822     		movs	r2, #200
 637 00dc 234B     		ldr	r3, .L41+36
 638 00de 1A62     		str	r2, [r3, #32]
 639              	.L38:
 149:main.c        ****             }
 150:main.c        ****             Print("Step is ");
 640              		.loc 1 150 0
 641 00e0 2848     		ldr	r0, .L41+60
 642              	.LVL82:
 643 00e2 FFF7FEFF 		bl	DBG_UART_UartPutString
 644              	.LVL83:
 151:main.c        ****             PrintInt(dbg_step);
 645              		.loc 1 151 0
 646 00e6 214B     		ldr	r3, .L41+36
 647 00e8 186A     		ldr	r0, [r3, #32]
 648 00ea 0A22     		movs	r2, #10
 649 00ec 2349     		ldr	r1, .L41+52
 650 00ee FFF7FEFF 		bl	itoa
 651              	.LVL84:
 652 00f2 FFF7FEFF 		bl	DBG_UART_UartPutString
 653              	.LVL85:
 152:main.c        ****             Println("");
 654              		.loc 1 152 0
 655 00f6 2248     		ldr	r0, .L41+56
 656 00f8 FFF7FEFF 		bl	DBG_UART_UartPutString
 657              	.LVL86:
 658 00fc 1748     		ldr	r0, .L41+20
 659 00fe FFF7FEFF 		bl	DBG_UART_UartPutString
 660              	.LVL87:
 661 0102 CDE7     		b	.L32
 662              	.LVL88:
 663              	.L36:
 153:main.c        ****         } else if (data == DOWN) {
 664              		.loc 1 153 0
 665 0104 7328     		cmp	r0, #115
 666 0106 CBD1     		bne	.L32
 154:main.c        ****             if (dbg_step > 1) {
 667              		.loc 1 154 0
 668 0108 184B     		ldr	r3, .L41+36
 669 010a 1B6A     		ldr	r3, [r3, #32]
 670 010c 012B     		cmp	r3, #1
 671 010e 05DD     		ble	.L39
 155:main.c        ****                 dbg_step /= 2;
 672              		.loc 1 155 0
 673 0110 DA0F     		lsrs	r2, r3, #31
 674 0112 D318     		adds	r3, r2, r3
 675 0114 5B10     		asrs	r3, r3, #1
 676 0116 154A     		ldr	r2, .L41+36
 677 0118 1362     		str	r3, [r2, #32]
 678 011a 02E0     		b	.L40
 679              	.L39:
 156:main.c        ****             } else {
 157:main.c        ****                 dbg_step = 1;
 680              		.loc 1 157 0
 681 011c 0122     		movs	r2, #1
 682 011e 134B     		ldr	r3, .L41+36
 683 0120 1A62     		str	r2, [r3, #32]
ARM GAS  C:\Users\casey\AppData\Local\Temp\ccOobyUC.s 			page 16


 684              	.L40:
 158:main.c        ****             }
 159:main.c        ****             Print("Step is ");
 685              		.loc 1 159 0
 686 0122 1848     		ldr	r0, .L41+60
 687              	.LVL89:
 688 0124 FFF7FEFF 		bl	DBG_UART_UartPutString
 689              	.LVL90:
 160:main.c        **** 
 161:main.c        ****             PrintInt(dbg_step);
 690              		.loc 1 161 0
 691 0128 104B     		ldr	r3, .L41+36
 692 012a 186A     		ldr	r0, [r3, #32]
 693 012c 0A22     		movs	r2, #10
 694 012e 1349     		ldr	r1, .L41+52
 695 0130 FFF7FEFF 		bl	itoa
 696              	.LVL91:
 697 0134 FFF7FEFF 		bl	DBG_UART_UartPutString
 698              	.LVL92:
 162:main.c        ****             Println("");
 699              		.loc 1 162 0
 700 0138 1148     		ldr	r0, .L41+56
 701 013a FFF7FEFF 		bl	DBG_UART_UartPutString
 702              	.LVL93:
 703 013e 0748     		ldr	r0, .L41+20
 704 0140 FFF7FEFF 		bl	DBG_UART_UartPutString
 705              	.LVL94:
 706 0144 ACE7     		b	.L32
 707              	.L42:
 708 0146 C046     		.align	2
 709              	.L41:
 710 0148 00000000 		.word	On_Lim_1
 711 014c 00000000 		.word	On_Lim_2
 712 0150 00000000 		.word	On_Fault
 713 0154 00000000 		.word	On_Step
 714 0158 70000000 		.word	.LC27
 715 015c 14000000 		.word	.LC2
 716 0160 00000000 		.word	.LANCHOR0
 717 0164 CDCCCCCC 		.word	-858993459
 718 0168 CCCCFC3F 		.word	1073532108
 719 016c 00000000 		.word	.LANCHOR1
 720 0170 0000E03F 		.word	1071644672
 721 0174 00000000 		.word	E_max
 722 0178 78000000 		.word	.LC33
 723 017c 00000000 		.word	debugOutput
 724 0180 6C000000 		.word	.LC18
 725 0184 84000000 		.word	.LC37
 726              	.LBE2:
 727              		.cfi_endproc
 728              	.LFE42:
 729              		.size	main, .-main
 730              		.global	dir
 731              		.comm	E_max,4,4
 732              		.global	E
 733              		.global	dbg_step
 734              		.global	currentVelocity
 735              		.global	targetPosition
ARM GAS  C:\Users\casey\AppData\Local\Temp\ccOobyUC.s 			page 17


 736              		.global	maxAccel
 737              		.global	stepSize
 738              		.global	stepMode
 739              		.global	maxAcceleration
 740              		.global	maxVelocity
 741              		.global	CLOCK_FREQUENCY
 742              		.comm	debugOutput,32,4
 743              		.section	.rodata
 744              		.align	2
 745              		.type	CLOCK_FREQUENCY, %object
 746              		.size	CLOCK_FREQUENCY, 4
 747              	CLOCK_FREQUENCY:
 748 0000 40420F00 		.word	1000000
 749              		.data
 750              		.align	3
 751              		.set	.LANCHOR1,. + 0
 752              		.type	dir, %object
 753              		.size	dir, 4
 754              	dir:
 755 0000 01000000 		.word	1
 756 0004 00000000 		.space	4
 757              		.type	maxAcceleration, %object
 758              		.size	maxAcceleration, 8
 759              	maxAcceleration:
 760 0008 00000000 		.word	0
 761 000c 00807640 		.word	1081507840
 762              		.type	stepSize, %object
 763              		.size	stepSize, 8
 764              	stepSize:
 765 0010 CDCCCCCC 		.word	-858993459
 766 0014 CCCCFC3F 		.word	1073532108
 767              		.type	maxVelocity, %object
 768              		.size	maxVelocity, 8
 769              	maxVelocity:
 770 0018 00000000 		.word	0
 771 001c 00809640 		.word	1083604992
 772              		.type	dbg_step, %object
 773              		.size	dbg_step, 4
 774              	dbg_step:
 775 0020 01000000 		.word	1
 776 0024 00000000 		.space	4
 777              		.type	maxAccel, %object
 778              		.size	maxAccel, 8
 779              	maxAccel:
 780 0028 00000000 		.word	0
 781 002c 0020AC40 		.word	1085022208
 782              		.section	.rodata.str1.4,"aMS",%progbits,1
 783              		.align	2
 784              	.LC0:
 785 0000 48697420 		.ascii	"Hit limit switch 1\000"
 785      6C696D69 
 785      74207377 
 785      69746368 
 785      203100
 786 0013 00       		.space	1
 787              	.LC2:
 788 0014 0A0D00   		.ascii	"\012\015\000"
ARM GAS  C:\Users\casey\AppData\Local\Temp\ccOobyUC.s 			page 18


 789 0017 00       		.space	1
 790              	.LC4:
 791 0018 48697420 		.ascii	"Hit limit switch 2\000"
 791      6C696D69 
 791      74207377 
 791      69746368 
 791      203200
 792 002b 00       		.space	1
 793              	.LC7:
 794 002c 44726976 		.ascii	"Driver fault\000"
 794      65722066 
 794      61756C74 
 794      00
 795 0039 000000   		.space	3
 796              	.LC13:
 797 003c 53746570 		.ascii	"Step frequency capped at 5kHz, you fucked up\000"
 797      20667265 
 797      7175656E 
 797      63792063 
 797      61707065 
 798 0069 000000   		.space	3
 799              	.LC18:
 800 006c 00       		.ascii	"\000"
 801 006d 000000   		.space	3
 802              	.LC27:
 803 0070 52657374 		.ascii	"Restart\000"
 803      61727400 
 804              	.LC33:
 805 0078 455F6D61 		.ascii	"E_max is \000"
 805      78206973 
 805      2000
 806 0082 0000     		.space	2
 807              	.LC37:
 808 0084 53746570 		.ascii	"Step is \000"
 808      20697320 
 808      00
 809              		.bss
 810              		.align	2
 811              		.set	.LANCHOR0,. + 0
 812              		.type	E, %object
 813              		.size	E, 4
 814              	E:
 815 0000 00000000 		.space	4
 816              		.type	targetPosition, %object
 817              		.size	targetPosition, 4
 818              	targetPosition:
 819 0004 00000000 		.space	4
 820              		.type	stepMode, %object
 821              		.size	stepMode, 4
 822              	stepMode:
 823 0008 00000000 		.space	4
 824              		.type	currentVelocity, %object
 825              		.size	currentVelocity, 4
 826              	currentVelocity:
 827 000c 00000000 		.space	4
 828              		.text
 829              	.Letext0:
ARM GAS  C:\Users\casey\AppData\Local\Temp\ccOobyUC.s 			page 19


 830              		.file 2 "main.h"
 831              		.file 3 "Generated_Source\\PSoC4/DBG_UART_SPI_UART.h"
 832              		.file 4 "Generated_Source\\PSoC4/Step_Timer.h"
 833              		.file 5 "Generated_Source\\PSoC4/Step_Counter.h"
 834              		.file 6 "Generated_Source\\PSoC4/isr_lim_1.h"
 835              		.file 7 "Generated_Source\\PSoC4/isr_lim_2.h"
 836              		.file 8 "Generated_Source\\PSoC4/isr_fault.h"
 837              		.file 9 "Generated_Source\\PSoC4/Direction.h"
 838              		.file 10 "c:\\program files (x86)\\cypress\\psoc creator\\4.4\\psoc creator\\import\\gnu\\arm\\5.4
 839              		.file 11 "Generated_Source\\PSoC4/isr_step.h"
 840              		.file 12 "c:\\program files (x86)\\cypress\\psoc creator\\4.4\\psoc creator\\import\\gnu\\arm\\5.4
 841              		.file 13 "Generated_Source\\PSoC4/DBG_UART.h"
 842              		.section	.debug_info,"",%progbits
 843              	.Ldebug_info0:
 844 0000 96070000 		.4byte	0x796
 845 0004 0400     		.2byte	0x4
 846 0006 00000000 		.4byte	.Ldebug_abbrev0
 847 000a 04       		.byte	0x4
 848 000b 01       		.uleb128 0x1
 849 000c 37010000 		.4byte	.LASF60
 850 0010 0C       		.byte	0xc
 851 0011 97030000 		.4byte	.LASF61
 852 0015 46000000 		.4byte	.LASF62
 853 0019 00000000 		.4byte	.Ldebug_ranges0+0
 854 001d 00000000 		.4byte	0
 855 0021 00000000 		.4byte	.Ldebug_line0
 856 0025 02       		.uleb128 0x2
 857 0026 08       		.byte	0x8
 858 0027 04       		.byte	0x4
 859 0028 B0030000 		.4byte	.LASF0
 860 002c 02       		.uleb128 0x2
 861 002d 01       		.byte	0x1
 862 002e 06       		.byte	0x6
 863 002f AC020000 		.4byte	.LASF1
 864 0033 02       		.uleb128 0x2
 865 0034 01       		.byte	0x1
 866 0035 08       		.byte	0x8
 867 0036 59020000 		.4byte	.LASF2
 868 003a 02       		.uleb128 0x2
 869 003b 02       		.byte	0x2
 870 003c 05       		.byte	0x5
 871 003d A1000000 		.4byte	.LASF3
 872 0041 02       		.uleb128 0x2
 873 0042 02       		.byte	0x2
 874 0043 07       		.byte	0x7
 875 0044 1C030000 		.4byte	.LASF4
 876 0048 02       		.uleb128 0x2
 877 0049 04       		.byte	0x4
 878 004a 05       		.byte	0x5
 879 004b 0C020000 		.4byte	.LASF5
 880 004f 02       		.uleb128 0x2
 881 0050 04       		.byte	0x4
 882 0051 07       		.byte	0x7
 883 0052 9E030000 		.4byte	.LASF6
 884 0056 02       		.uleb128 0x2
 885 0057 08       		.byte	0x8
 886 0058 05       		.byte	0x5
ARM GAS  C:\Users\casey\AppData\Local\Temp\ccOobyUC.s 			page 20


 887 0059 10010000 		.4byte	.LASF7
 888 005d 02       		.uleb128 0x2
 889 005e 08       		.byte	0x8
 890 005f 07       		.byte	0x7
 891 0060 B8020000 		.4byte	.LASF8
 892 0064 03       		.uleb128 0x3
 893 0065 04       		.byte	0x4
 894 0066 05       		.byte	0x5
 895 0067 696E7400 		.ascii	"int\000"
 896 006b 02       		.uleb128 0x2
 897 006c 04       		.byte	0x4
 898 006d 07       		.byte	0x7
 899 006e F9020000 		.4byte	.LASF9
 900 0072 02       		.uleb128 0x2
 901 0073 04       		.byte	0x4
 902 0074 04       		.byte	0x4
 903 0075 EC010000 		.4byte	.LASF10
 904 0079 02       		.uleb128 0x2
 905 007a 01       		.byte	0x1
 906 007b 08       		.byte	0x8
 907 007c 35030000 		.4byte	.LASF11
 908 0080 02       		.uleb128 0x2
 909 0081 08       		.byte	0x8
 910 0082 04       		.byte	0x4
 911 0083 73020000 		.4byte	.LASF12
 912 0087 02       		.uleb128 0x2
 913 0088 04       		.byte	0x4
 914 0089 07       		.byte	0x7
 915 008a EC030000 		.4byte	.LASF13
 916 008e 04       		.uleb128 0x4
 917 008f 3F030000 		.4byte	.LASF14
 918 0093 01       		.byte	0x1
 919 0094 39       		.byte	0x39
 920 0095 00000000 		.4byte	.LFB38
 921 0099 28000000 		.4byte	.LFE38-.LFB38
 922 009d 01       		.uleb128 0x1
 923 009e 9C       		.byte	0x9c
 924 009f F7000000 		.4byte	0xf7
 925 00a3 05       		.uleb128 0x5
 926 00a4 08000000 		.4byte	.LVL0
 927 00a8 A4060000 		.4byte	0x6a4
 928 00ac BA000000 		.4byte	0xba
 929 00b0 06       		.uleb128 0x6
 930 00b1 01       		.uleb128 0x1
 931 00b2 50       		.byte	0x50
 932 00b3 05       		.uleb128 0x5
 933 00b4 03       		.byte	0x3
 934 00b5 00000000 		.4byte	.LC0
 935 00b9 00       		.byte	0
 936 00ba 05       		.uleb128 0x5
 937 00bb 0E000000 		.4byte	.LVL1
 938 00bf A4060000 		.4byte	0x6a4
 939 00c3 D1000000 		.4byte	0xd1
 940 00c7 06       		.uleb128 0x6
 941 00c8 01       		.uleb128 0x1
 942 00c9 50       		.byte	0x50
 943 00ca 05       		.uleb128 0x5
ARM GAS  C:\Users\casey\AppData\Local\Temp\ccOobyUC.s 			page 21


 944 00cb 03       		.byte	0x3
 945 00cc 14000000 		.4byte	.LC2
 946 00d0 00       		.byte	0
 947 00d1 07       		.uleb128 0x7
 948 00d2 12000000 		.4byte	.LVL2
 949 00d6 B0060000 		.4byte	0x6b0
 950 00da 05       		.uleb128 0x5
 951 00db 18000000 		.4byte	.LVL3
 952 00df BB060000 		.4byte	0x6bb
 953 00e3 ED000000 		.4byte	0xed
 954 00e7 06       		.uleb128 0x6
 955 00e8 01       		.uleb128 0x1
 956 00e9 50       		.byte	0x50
 957 00ea 01       		.uleb128 0x1
 958 00eb 30       		.byte	0x30
 959 00ec 00       		.byte	0
 960 00ed 07       		.uleb128 0x7
 961 00ee 1C000000 		.4byte	.LVL4
 962 00f2 C6060000 		.4byte	0x6c6
 963 00f6 00       		.byte	0
 964 00f7 04       		.uleb128 0x4
 965 00f8 48030000 		.4byte	.LASF15
 966 00fc 01       		.byte	0x1
 967 00fd 40       		.byte	0x40
 968 00fe 00000000 		.4byte	.LFB39
 969 0102 20000000 		.4byte	.LFE39-.LFB39
 970 0106 01       		.uleb128 0x1
 971 0107 9C       		.byte	0x9c
 972 0108 4D010000 		.4byte	0x14d
 973 010c 05       		.uleb128 0x5
 974 010d 08000000 		.4byte	.LVL5
 975 0111 A4060000 		.4byte	0x6a4
 976 0115 23010000 		.4byte	0x123
 977 0119 06       		.uleb128 0x6
 978 011a 01       		.uleb128 0x1
 979 011b 50       		.byte	0x50
 980 011c 05       		.uleb128 0x5
 981 011d 03       		.byte	0x3
 982 011e 18000000 		.4byte	.LC4
 983 0122 00       		.byte	0
 984 0123 05       		.uleb128 0x5
 985 0124 0E000000 		.4byte	.LVL6
 986 0128 A4060000 		.4byte	0x6a4
 987 012c 3A010000 		.4byte	0x13a
 988 0130 06       		.uleb128 0x6
 989 0131 01       		.uleb128 0x1
 990 0132 50       		.byte	0x50
 991 0133 05       		.uleb128 0x5
 992 0134 03       		.byte	0x3
 993 0135 14000000 		.4byte	.LC2
 994 0139 00       		.byte	0
 995 013a 07       		.uleb128 0x7
 996 013b 12000000 		.4byte	.LVL7
 997 013f B0060000 		.4byte	0x6b0
 998 0143 07       		.uleb128 0x7
 999 0144 16000000 		.4byte	.LVL8
 1000 0148 D1060000 		.4byte	0x6d1
ARM GAS  C:\Users\casey\AppData\Local\Temp\ccOobyUC.s 			page 22


 1001 014c 00       		.byte	0
 1002 014d 04       		.uleb128 0x4
 1003 014e E3010000 		.4byte	.LASF16
 1004 0152 01       		.byte	0x1
 1005 0153 46       		.byte	0x46
 1006 0154 00000000 		.4byte	.LFB40
 1007 0158 20000000 		.4byte	.LFE40-.LFB40
 1008 015c 01       		.uleb128 0x1
 1009 015d 9C       		.byte	0x9c
 1010 015e A3010000 		.4byte	0x1a3
 1011 0162 05       		.uleb128 0x5
 1012 0163 08000000 		.4byte	.LVL9
 1013 0167 A4060000 		.4byte	0x6a4
 1014 016b 79010000 		.4byte	0x179
 1015 016f 06       		.uleb128 0x6
 1016 0170 01       		.uleb128 0x1
 1017 0171 50       		.byte	0x50
 1018 0172 05       		.uleb128 0x5
 1019 0173 03       		.byte	0x3
 1020 0174 2C000000 		.4byte	.LC7
 1021 0178 00       		.byte	0
 1022 0179 05       		.uleb128 0x5
 1023 017a 0E000000 		.4byte	.LVL10
 1024 017e A4060000 		.4byte	0x6a4
 1025 0182 90010000 		.4byte	0x190
 1026 0186 06       		.uleb128 0x6
 1027 0187 01       		.uleb128 0x1
 1028 0188 50       		.byte	0x50
 1029 0189 05       		.uleb128 0x5
 1030 018a 03       		.byte	0x3
 1031 018b 14000000 		.4byte	.LC2
 1032 018f 00       		.byte	0
 1033 0190 07       		.uleb128 0x7
 1034 0191 12000000 		.4byte	.LVL11
 1035 0195 B0060000 		.4byte	0x6b0
 1036 0199 07       		.uleb128 0x7
 1037 019a 16000000 		.4byte	.LVL12
 1038 019e DC060000 		.4byte	0x6dc
 1039 01a2 00       		.byte	0
 1040 01a3 08       		.uleb128 0x8
 1041 01a4 51020000 		.4byte	.LASF17
 1042 01a8 01       		.byte	0x1
 1043 01a9 4C       		.byte	0x4c
 1044 01aa 00000000 		.4byte	.LFB41
 1045 01ae F0000000 		.4byte	.LFE41-.LFB41
 1046 01b2 01       		.uleb128 0x1
 1047 01b3 9C       		.byte	0x9c
 1048 01b4 63020000 		.4byte	0x263
 1049 01b8 09       		.uleb128 0x9
 1050 01b9 706F7300 		.ascii	"pos\000"
 1051 01bd 01       		.byte	0x1
 1052 01be 4D       		.byte	0x4d
 1053 01bf 64000000 		.4byte	0x64
 1054 01c3 00000000 		.4byte	.LLST0
 1055 01c7 0A       		.uleb128 0xa
 1056 01c8 29000000 		.4byte	.LASF18
 1057 01cc 01       		.byte	0x1
ARM GAS  C:\Users\casey\AppData\Local\Temp\ccOobyUC.s 			page 23


 1058 01cd 63       		.byte	0x63
 1059 01ce 64000000 		.4byte	0x64
 1060 01d2 4A000000 		.4byte	.LLST1
 1061 01d6 07       		.uleb128 0x7
 1062 01d7 06000000 		.4byte	.LVL13
 1063 01db E7060000 		.4byte	0x6e7
 1064 01df 07       		.uleb128 0x7
 1065 01e0 1C000000 		.4byte	.LVL15
 1066 01e4 B0060000 		.4byte	0x6b0
 1067 01e8 05       		.uleb128 0x5
 1068 01e9 28000000 		.4byte	.LVL18
 1069 01ed F2060000 		.4byte	0x6f2
 1070 01f1 FB010000 		.4byte	0x1fb
 1071 01f5 06       		.uleb128 0x6
 1072 01f6 01       		.uleb128 0x1
 1073 01f7 50       		.byte	0x50
 1074 01f8 01       		.uleb128 0x1
 1075 01f9 31       		.byte	0x31
 1076 01fa 00       		.byte	0
 1077 01fb 05       		.uleb128 0x5
 1078 01fc 36000000 		.4byte	.LVL21
 1079 0200 F2060000 		.4byte	0x6f2
 1080 0204 0E020000 		.4byte	0x20e
 1081 0208 06       		.uleb128 0x6
 1082 0209 01       		.uleb128 0x1
 1083 020a 50       		.byte	0x50
 1084 020b 01       		.uleb128 0x1
 1085 020c 30       		.byte	0x30
 1086 020d 00       		.byte	0
 1087 020e 07       		.uleb128 0x7
 1088 020f 94000000 		.4byte	.LVL26
 1089 0213 FD060000 		.4byte	0x6fd
 1090 0217 05       		.uleb128 0x5
 1091 0218 BA000000 		.4byte	.LVL32
 1092 021c 08070000 		.4byte	0x708
 1093 0220 2B020000 		.4byte	0x22b
 1094 0224 06       		.uleb128 0x6
 1095 0225 01       		.uleb128 0x1
 1096 0226 50       		.byte	0x50
 1097 0227 02       		.uleb128 0x2
 1098 0228 74       		.byte	0x74
 1099 0229 00       		.sleb128 0
 1100 022a 00       		.byte	0
 1101 022b 05       		.uleb128 0x5
 1102 022c C2000000 		.4byte	.LVL33
 1103 0230 A4060000 		.4byte	0x6a4
 1104 0234 42020000 		.4byte	0x242
 1105 0238 06       		.uleb128 0x6
 1106 0239 01       		.uleb128 0x1
 1107 023a 50       		.byte	0x50
 1108 023b 05       		.uleb128 0x5
 1109 023c 03       		.byte	0x3
 1110 023d 3C000000 		.4byte	.LC13
 1111 0241 00       		.byte	0
 1112 0242 05       		.uleb128 0x5
 1113 0243 C8000000 		.4byte	.LVL34
 1114 0247 A4060000 		.4byte	0x6a4
ARM GAS  C:\Users\casey\AppData\Local\Temp\ccOobyUC.s 			page 24


 1115 024b 59020000 		.4byte	0x259
 1116 024f 06       		.uleb128 0x6
 1117 0250 01       		.uleb128 0x1
 1118 0251 50       		.byte	0x50
 1119 0252 05       		.uleb128 0x5
 1120 0253 03       		.byte	0x3
 1121 0254 14000000 		.4byte	.LC2
 1122 0258 00       		.byte	0
 1123 0259 07       		.uleb128 0x7
 1124 025a CC000000 		.4byte	.LVL35
 1125 025e 13070000 		.4byte	0x713
 1126 0262 00       		.byte	0
 1127 0263 0B       		.uleb128 0xb
 1128 0264 7F030000 		.4byte	.LASF19
 1129 0268 01       		.byte	0x1
 1130 0269 22       		.byte	0x22
 1131 026a 25000000 		.4byte	0x25
 1132 026e 00000000 		.4byte	.LFB34
 1133 0272 0C000000 		.4byte	.LFE34-.LFB34
 1134 0276 01       		.uleb128 0x1
 1135 0277 9C       		.byte	0x9c
 1136 0278 86020000 		.4byte	0x286
 1137 027c 07       		.uleb128 0x7
 1138 027d 06000000 		.4byte	.LVL37
 1139 0281 E7060000 		.4byte	0x6e7
 1140 0285 00       		.byte	0
 1141 0286 04       		.uleb128 0x4
 1142 0287 9C020000 		.4byte	.LASF20
 1143 028b 01       		.byte	0x1
 1144 028c 29       		.byte	0x29
 1145 028d 00000000 		.4byte	.LFB35
 1146 0291 34000000 		.4byte	.LFE35-.LFB35
 1147 0295 01       		.uleb128 0x1
 1148 0296 9C       		.byte	0x9c
 1149 0297 0E030000 		.4byte	0x30e
 1150 029b 0C       		.uleb128 0xc
 1151 029c F5030000 		.4byte	.LASF22
 1152 02a0 01       		.byte	0x1
 1153 02a1 29       		.byte	0x29
 1154 02a2 64000000 		.4byte	0x64
 1155 02a6 73000000 		.4byte	.LLST2
 1156 02aa 05       		.uleb128 0x5
 1157 02ab 0E000000 		.4byte	.LVL40
 1158 02af 1E070000 		.4byte	0x71e
 1159 02b3 CD020000 		.4byte	0x2cd
 1160 02b7 06       		.uleb128 0x6
 1161 02b8 01       		.uleb128 0x1
 1162 02b9 50       		.byte	0x50
 1163 02ba 03       		.uleb128 0x3
 1164 02bb F3       		.byte	0xf3
 1165 02bc 01       		.uleb128 0x1
 1166 02bd 50       		.byte	0x50
 1167 02be 06       		.uleb128 0x6
 1168 02bf 01       		.uleb128 0x1
 1169 02c0 51       		.byte	0x51
 1170 02c1 05       		.uleb128 0x5
 1171 02c2 03       		.byte	0x3
ARM GAS  C:\Users\casey\AppData\Local\Temp\ccOobyUC.s 			page 25


 1172 02c3 00000000 		.4byte	debugOutput
 1173 02c7 06       		.uleb128 0x6
 1174 02c8 01       		.uleb128 0x1
 1175 02c9 52       		.byte	0x52
 1176 02ca 01       		.uleb128 0x1
 1177 02cb 3A       		.byte	0x3a
 1178 02cc 00       		.byte	0
 1179 02cd 07       		.uleb128 0x7
 1180 02ce 12000000 		.4byte	.LVL41
 1181 02d2 A4060000 		.4byte	0x6a4
 1182 02d6 05       		.uleb128 0x5
 1183 02d7 18000000 		.4byte	.LVL42
 1184 02db A4060000 		.4byte	0x6a4
 1185 02df ED020000 		.4byte	0x2ed
 1186 02e3 06       		.uleb128 0x6
 1187 02e4 01       		.uleb128 0x1
 1188 02e5 50       		.byte	0x50
 1189 02e6 05       		.uleb128 0x5
 1190 02e7 03       		.byte	0x3
 1191 02e8 6C000000 		.4byte	.LC18
 1192 02ec 00       		.byte	0
 1193 02ed 05       		.uleb128 0x5
 1194 02ee 1E000000 		.4byte	.LVL43
 1195 02f2 A4060000 		.4byte	0x6a4
 1196 02f6 04030000 		.4byte	0x304
 1197 02fa 06       		.uleb128 0x6
 1198 02fb 01       		.uleb128 0x1
 1199 02fc 50       		.byte	0x50
 1200 02fd 05       		.uleb128 0x5
 1201 02fe 03       		.byte	0x3
 1202 02ff 14000000 		.4byte	.LC2
 1203 0303 00       		.byte	0
 1204 0304 07       		.uleb128 0x7
 1205 0305 22000000 		.4byte	.LVL44
 1206 0309 29070000 		.4byte	0x729
 1207 030d 00       		.byte	0
 1208 030e 08       		.uleb128 0x8
 1209 030f CD000000 		.4byte	.LASF21
 1210 0313 01       		.byte	0x1
 1211 0314 31       		.byte	0x31
 1212 0315 00000000 		.4byte	.LFB36
 1213 0319 20000000 		.4byte	.LFE36-.LFB36
 1214 031d 01       		.uleb128 0x1
 1215 031e 9C       		.byte	0x9c
 1216 031f 45030000 		.4byte	0x345
 1217 0323 0C       		.uleb128 0xc
 1218 0324 FC030000 		.4byte	.LASF23
 1219 0328 01       		.byte	0x1
 1220 0329 31       		.byte	0x31
 1221 032a 25000000 		.4byte	0x25
 1222 032e 94000000 		.4byte	.LLST3
 1223 0332 07       		.uleb128 0x7
 1224 0333 10000000 		.4byte	.LVL47
 1225 0337 34070000 		.4byte	0x734
 1226 033b 07       		.uleb128 0x7
 1227 033c 18000000 		.4byte	.LVL49
 1228 0340 86020000 		.4byte	0x286
ARM GAS  C:\Users\casey\AppData\Local\Temp\ccOobyUC.s 			page 26


 1229 0344 00       		.byte	0
 1230 0345 04       		.uleb128 0x4
 1231 0346 1E010000 		.4byte	.LASF24
 1232 034a 01       		.byte	0x1
 1233 034b 35       		.byte	0x35
 1234 034c 00000000 		.4byte	.LFB37
 1235 0350 14000000 		.4byte	.LFE37-.LFB37
 1236 0354 01       		.uleb128 0x1
 1237 0355 9C       		.byte	0x9c
 1238 0356 73030000 		.4byte	0x373
 1239 035a 0C       		.uleb128 0xc
 1240 035b 16030000 		.4byte	.LASF25
 1241 035f 01       		.byte	0x1
 1242 0360 35       		.byte	0x35
 1243 0361 64000000 		.4byte	0x64
 1244 0365 BC000000 		.4byte	.LLST4
 1245 0369 07       		.uleb128 0x7
 1246 036a 0C000000 		.4byte	.LVL52
 1247 036e 86020000 		.4byte	0x286
 1248 0372 00       		.byte	0
 1249 0373 0D       		.uleb128 0xd
 1250 0374 3A030000 		.4byte	.LASF63
 1251 0378 01       		.byte	0x1
 1252 0379 6F       		.byte	0x6f
 1253 037a 64000000 		.4byte	0x64
 1254 037e 00000000 		.4byte	.LFB42
 1255 0382 88010000 		.4byte	.LFE42-.LFB42
 1256 0386 01       		.uleb128 0x1
 1257 0387 9C       		.byte	0x9c
 1258 0388 B4050000 		.4byte	0x5b4
 1259 038c 0E       		.uleb128 0xe
 1260 038d A0000000 		.4byte	.LBB2
 1261 0391 E8000000 		.4byte	.LBE2-.LBB2
 1262 0395 A8040000 		.4byte	0x4a8
 1263 0399 0F       		.uleb128 0xf
 1264 039a BD000000 		.4byte	.LASF64
 1265 039e 01       		.byte	0x1
 1266 039f 89       		.byte	0x89
 1267 03a0 64000000 		.4byte	0x64
 1268 03a4 0A       		.uleb128 0xa
 1269 03a5 92030000 		.4byte	.LASF26
 1270 03a9 01       		.byte	0x1
 1271 03aa 8B       		.byte	0x8b
 1272 03ab 64000000 		.4byte	0x64
 1273 03af DD000000 		.4byte	.LLST5
 1274 03b3 07       		.uleb128 0x7
 1275 03b4 A4000000 		.4byte	.LVL74
 1276 03b8 E7060000 		.4byte	0x6e7
 1277 03bc 07       		.uleb128 0x7
 1278 03bd A8000000 		.4byte	.LVL75
 1279 03c1 40070000 		.4byte	0x740
 1280 03c5 07       		.uleb128 0x7
 1281 03c6 B4000000 		.4byte	.LVL77
 1282 03ca 45030000 		.4byte	0x345
 1283 03ce 07       		.uleb128 0x7
 1284 03cf C4000000 		.4byte	.LVL80
 1285 03d3 45030000 		.4byte	0x345
ARM GAS  C:\Users\casey\AppData\Local\Temp\ccOobyUC.s 			page 27


 1286 03d7 05       		.uleb128 0x5
 1287 03d8 E6000000 		.4byte	.LVL83
 1288 03dc A4060000 		.4byte	0x6a4
 1289 03e0 EE030000 		.4byte	0x3ee
 1290 03e4 06       		.uleb128 0x6
 1291 03e5 01       		.uleb128 0x1
 1292 03e6 50       		.byte	0x50
 1293 03e7 05       		.uleb128 0x5
 1294 03e8 03       		.byte	0x3
 1295 03e9 84000000 		.4byte	.LC37
 1296 03ed 00       		.byte	0
 1297 03ee 05       		.uleb128 0x5
 1298 03ef F2000000 		.4byte	.LVL84
 1299 03f3 1E070000 		.4byte	0x71e
 1300 03f7 0A040000 		.4byte	0x40a
 1301 03fb 06       		.uleb128 0x6
 1302 03fc 01       		.uleb128 0x1
 1303 03fd 51       		.byte	0x51
 1304 03fe 05       		.uleb128 0x5
 1305 03ff 03       		.byte	0x3
 1306 0400 00000000 		.4byte	debugOutput
 1307 0404 06       		.uleb128 0x6
 1308 0405 01       		.uleb128 0x1
 1309 0406 52       		.byte	0x52
 1310 0407 01       		.uleb128 0x1
 1311 0408 3A       		.byte	0x3a
 1312 0409 00       		.byte	0
 1313 040a 07       		.uleb128 0x7
 1314 040b F6000000 		.4byte	.LVL85
 1315 040f A4060000 		.4byte	0x6a4
 1316 0413 05       		.uleb128 0x5
 1317 0414 FC000000 		.4byte	.LVL86
 1318 0418 A4060000 		.4byte	0x6a4
 1319 041c 2A040000 		.4byte	0x42a
 1320 0420 06       		.uleb128 0x6
 1321 0421 01       		.uleb128 0x1
 1322 0422 50       		.byte	0x50
 1323 0423 05       		.uleb128 0x5
 1324 0424 03       		.byte	0x3
 1325 0425 6C000000 		.4byte	.LC18
 1326 0429 00       		.byte	0
 1327 042a 05       		.uleb128 0x5
 1328 042b 02010000 		.4byte	.LVL87
 1329 042f A4060000 		.4byte	0x6a4
 1330 0433 41040000 		.4byte	0x441
 1331 0437 06       		.uleb128 0x6
 1332 0438 01       		.uleb128 0x1
 1333 0439 50       		.byte	0x50
 1334 043a 05       		.uleb128 0x5
 1335 043b 03       		.byte	0x3
 1336 043c 14000000 		.4byte	.LC2
 1337 0440 00       		.byte	0
 1338 0441 05       		.uleb128 0x5
 1339 0442 28010000 		.4byte	.LVL90
 1340 0446 A4060000 		.4byte	0x6a4
 1341 044a 58040000 		.4byte	0x458
 1342 044e 06       		.uleb128 0x6
ARM GAS  C:\Users\casey\AppData\Local\Temp\ccOobyUC.s 			page 28


 1343 044f 01       		.uleb128 0x1
 1344 0450 50       		.byte	0x50
 1345 0451 05       		.uleb128 0x5
 1346 0452 03       		.byte	0x3
 1347 0453 84000000 		.4byte	.LC37
 1348 0457 00       		.byte	0
 1349 0458 05       		.uleb128 0x5
 1350 0459 34010000 		.4byte	.LVL91
 1351 045d 1E070000 		.4byte	0x71e
 1352 0461 74040000 		.4byte	0x474
 1353 0465 06       		.uleb128 0x6
 1354 0466 01       		.uleb128 0x1
 1355 0467 51       		.byte	0x51
 1356 0468 05       		.uleb128 0x5
 1357 0469 03       		.byte	0x3
 1358 046a 00000000 		.4byte	debugOutput
 1359 046e 06       		.uleb128 0x6
 1360 046f 01       		.uleb128 0x1
 1361 0470 52       		.byte	0x52
 1362 0471 01       		.uleb128 0x1
 1363 0472 3A       		.byte	0x3a
 1364 0473 00       		.byte	0
 1365 0474 07       		.uleb128 0x7
 1366 0475 38010000 		.4byte	.LVL92
 1367 0479 A4060000 		.4byte	0x6a4
 1368 047d 05       		.uleb128 0x5
 1369 047e 3E010000 		.4byte	.LVL93
 1370 0482 A4060000 		.4byte	0x6a4
 1371 0486 94040000 		.4byte	0x494
 1372 048a 06       		.uleb128 0x6
 1373 048b 01       		.uleb128 0x1
 1374 048c 50       		.byte	0x50
 1375 048d 05       		.uleb128 0x5
 1376 048e 03       		.byte	0x3
 1377 048f 6C000000 		.4byte	.LC18
 1378 0493 00       		.byte	0
 1379 0494 10       		.uleb128 0x10
 1380 0495 44010000 		.4byte	.LVL94
 1381 0499 A4060000 		.4byte	0x6a4
 1382 049d 06       		.uleb128 0x6
 1383 049e 01       		.uleb128 0x1
 1384 049f 50       		.byte	0x50
 1385 04a0 05       		.uleb128 0x5
 1386 04a1 03       		.byte	0x3
 1387 04a2 14000000 		.4byte	.LC2
 1388 04a6 00       		.byte	0
 1389 04a7 00       		.byte	0
 1390 04a8 05       		.uleb128 0x5
 1391 04a9 0A000000 		.4byte	.LVL53
 1392 04ad 4C070000 		.4byte	0x74c
 1393 04b1 BF040000 		.4byte	0x4bf
 1394 04b5 06       		.uleb128 0x6
 1395 04b6 01       		.uleb128 0x1
 1396 04b7 50       		.byte	0x50
 1397 04b8 05       		.uleb128 0x5
 1398 04b9 03       		.byte	0x3
 1399 04ba 00000000 		.4byte	On_Lim_1
ARM GAS  C:\Users\casey\AppData\Local\Temp\ccOobyUC.s 			page 29


 1400 04be 00       		.byte	0
 1401 04bf 05       		.uleb128 0x5
 1402 04c0 10000000 		.4byte	.LVL54
 1403 04c4 57070000 		.4byte	0x757
 1404 04c8 D6040000 		.4byte	0x4d6
 1405 04cc 06       		.uleb128 0x6
 1406 04cd 01       		.uleb128 0x1
 1407 04ce 50       		.byte	0x50
 1408 04cf 05       		.uleb128 0x5
 1409 04d0 03       		.byte	0x3
 1410 04d1 00000000 		.4byte	On_Lim_2
 1411 04d5 00       		.byte	0
 1412 04d6 05       		.uleb128 0x5
 1413 04d7 16000000 		.4byte	.LVL55
 1414 04db 62070000 		.4byte	0x762
 1415 04df ED040000 		.4byte	0x4ed
 1416 04e3 06       		.uleb128 0x6
 1417 04e4 01       		.uleb128 0x1
 1418 04e5 50       		.byte	0x50
 1419 04e6 05       		.uleb128 0x5
 1420 04e7 03       		.byte	0x3
 1421 04e8 00000000 		.4byte	On_Fault
 1422 04ec 00       		.byte	0
 1423 04ed 05       		.uleb128 0x5
 1424 04ee 1C000000 		.4byte	.LVL56
 1425 04f2 6D070000 		.4byte	0x76d
 1426 04f6 04050000 		.4byte	0x504
 1427 04fa 06       		.uleb128 0x6
 1428 04fb 01       		.uleb128 0x1
 1429 04fc 50       		.byte	0x50
 1430 04fd 05       		.uleb128 0x5
 1431 04fe 03       		.byte	0x3
 1432 04ff 00000000 		.4byte	On_Step
 1433 0503 00       		.byte	0
 1434 0504 07       		.uleb128 0x7
 1435 0505 20000000 		.4byte	.LVL57
 1436 0509 78070000 		.4byte	0x778
 1437 050d 07       		.uleb128 0x7
 1438 050e 24000000 		.4byte	.LVL58
 1439 0512 83070000 		.4byte	0x783
 1440 0516 07       		.uleb128 0x7
 1441 0517 28000000 		.4byte	.LVL59
 1442 051b 8E070000 		.4byte	0x78e
 1443 051f 05       		.uleb128 0x5
 1444 0520 2E000000 		.4byte	.LVL60
 1445 0524 A4060000 		.4byte	0x6a4
 1446 0528 36050000 		.4byte	0x536
 1447 052c 06       		.uleb128 0x6
 1448 052d 01       		.uleb128 0x1
 1449 052e 50       		.byte	0x50
 1450 052f 05       		.uleb128 0x5
 1451 0530 03       		.byte	0x3
 1452 0531 70000000 		.4byte	.LC27
 1453 0535 00       		.byte	0
 1454 0536 05       		.uleb128 0x5
 1455 0537 34000000 		.4byte	.LVL61
 1456 053b A4060000 		.4byte	0x6a4
ARM GAS  C:\Users\casey\AppData\Local\Temp\ccOobyUC.s 			page 30


 1457 053f 4D050000 		.4byte	0x54d
 1458 0543 06       		.uleb128 0x6
 1459 0544 01       		.uleb128 0x1
 1460 0545 50       		.byte	0x50
 1461 0546 05       		.uleb128 0x5
 1462 0547 03       		.byte	0x3
 1463 0548 14000000 		.4byte	.LC2
 1464 054c 00       		.byte	0
 1465 054d 05       		.uleb128 0x5
 1466 054e 86000000 		.4byte	.LVL69
 1467 0552 A4060000 		.4byte	0x6a4
 1468 0556 64050000 		.4byte	0x564
 1469 055a 06       		.uleb128 0x6
 1470 055b 01       		.uleb128 0x1
 1471 055c 50       		.byte	0x50
 1472 055d 05       		.uleb128 0x5
 1473 055e 03       		.byte	0x3
 1474 055f 78000000 		.4byte	.LC33
 1475 0563 00       		.byte	0
 1476 0564 05       		.uleb128 0x5
 1477 0565 90000000 		.4byte	.LVL70
 1478 0569 1E070000 		.4byte	0x71e
 1479 056d 80050000 		.4byte	0x580
 1480 0571 06       		.uleb128 0x6
 1481 0572 01       		.uleb128 0x1
 1482 0573 51       		.byte	0x51
 1483 0574 05       		.uleb128 0x5
 1484 0575 03       		.byte	0x3
 1485 0576 00000000 		.4byte	debugOutput
 1486 057a 06       		.uleb128 0x6
 1487 057b 01       		.uleb128 0x1
 1488 057c 52       		.byte	0x52
 1489 057d 01       		.uleb128 0x1
 1490 057e 3A       		.byte	0x3a
 1491 057f 00       		.byte	0
 1492 0580 07       		.uleb128 0x7
 1493 0581 94000000 		.4byte	.LVL71
 1494 0585 A4060000 		.4byte	0x6a4
 1495 0589 05       		.uleb128 0x5
 1496 058a 9A000000 		.4byte	.LVL72
 1497 058e A4060000 		.4byte	0x6a4
 1498 0592 A0050000 		.4byte	0x5a0
 1499 0596 06       		.uleb128 0x6
 1500 0597 01       		.uleb128 0x1
 1501 0598 50       		.byte	0x50
 1502 0599 05       		.uleb128 0x5
 1503 059a 03       		.byte	0x3
 1504 059b 6C000000 		.4byte	.LC18
 1505 059f 00       		.byte	0
 1506 05a0 10       		.uleb128 0x10
 1507 05a1 A0000000 		.4byte	.LVL73
 1508 05a5 A4060000 		.4byte	0x6a4
 1509 05a9 06       		.uleb128 0x6
 1510 05aa 01       		.uleb128 0x1
 1511 05ab 50       		.byte	0x50
 1512 05ac 05       		.uleb128 0x5
 1513 05ad 03       		.byte	0x3
ARM GAS  C:\Users\casey\AppData\Local\Temp\ccOobyUC.s 			page 31


 1514 05ae 14000000 		.4byte	.LC2
 1515 05b2 00       		.byte	0
 1516 05b3 00       		.byte	0
 1517 05b4 11       		.uleb128 0x11
 1518 05b5 79000000 		.4byte	0x79
 1519 05b9 C4050000 		.4byte	0x5c4
 1520 05bd 12       		.uleb128 0x12
 1521 05be 87000000 		.4byte	0x87
 1522 05c2 1F       		.byte	0x1f
 1523 05c3 00       		.byte	0
 1524 05c4 13       		.uleb128 0x13
 1525 05c5 67020000 		.4byte	.LASF27
 1526 05c9 02       		.byte	0x2
 1527 05ca 18       		.byte	0x18
 1528 05cb B4050000 		.4byte	0x5b4
 1529 05cf 05       		.uleb128 0x5
 1530 05d0 03       		.byte	0x3
 1531 05d1 00000000 		.4byte	debugOutput
 1532 05d5 13       		.uleb128 0x13
 1533 05d6 06030000 		.4byte	.LASF28
 1534 05da 01       		.byte	0x1
 1535 05db 10       		.byte	0x10
 1536 05dc E6050000 		.4byte	0x5e6
 1537 05e0 05       		.uleb128 0x5
 1538 05e1 03       		.byte	0x3
 1539 05e2 00000000 		.4byte	CLOCK_FREQUENCY
 1540 05e6 14       		.uleb128 0x14
 1541 05e7 64000000 		.4byte	0x64
 1542 05eb 13       		.uleb128 0x13
 1543 05ec 25020000 		.4byte	.LASF29
 1544 05f0 01       		.byte	0x1
 1545 05f1 12       		.byte	0x12
 1546 05f2 25000000 		.4byte	0x25
 1547 05f6 05       		.uleb128 0x5
 1548 05f7 03       		.byte	0x3
 1549 05f8 00000000 		.4byte	maxVelocity
 1550 05fc 13       		.uleb128 0x13
 1551 05fd 00010000 		.4byte	.LASF30
 1552 0601 01       		.byte	0x1
 1553 0602 13       		.byte	0x13
 1554 0603 25000000 		.4byte	0x25
 1555 0607 05       		.uleb128 0x5
 1556 0608 03       		.byte	0x3
 1557 0609 00000000 		.4byte	maxAcceleration
 1558 060d 13       		.uleb128 0x13
 1559 060e 48020000 		.4byte	.LASF31
 1560 0612 01       		.byte	0x1
 1561 0613 14       		.byte	0x14
 1562 0614 64000000 		.4byte	0x64
 1563 0618 05       		.uleb128 0x5
 1564 0619 03       		.byte	0x3
 1565 061a 00000000 		.4byte	stepMode
 1566 061e 13       		.uleb128 0x13
 1567 061f C5010000 		.4byte	.LASF32
 1568 0623 01       		.byte	0x1
 1569 0624 17       		.byte	0x17
 1570 0625 25000000 		.4byte	0x25
ARM GAS  C:\Users\casey\AppData\Local\Temp\ccOobyUC.s 			page 32


 1571 0629 05       		.uleb128 0x5
 1572 062a 03       		.byte	0x3
 1573 062b 00000000 		.4byte	stepSize
 1574 062f 13       		.uleb128 0x13
 1575 0630 F2010000 		.4byte	.LASF33
 1576 0634 01       		.byte	0x1
 1577 0635 18       		.byte	0x18
 1578 0636 25000000 		.4byte	0x25
 1579 063a 05       		.uleb128 0x5
 1580 063b 03       		.byte	0x3
 1581 063c 00000000 		.4byte	maxAccel
 1582 0640 13       		.uleb128 0x13
 1583 0641 12040000 		.4byte	.LASF34
 1584 0645 01       		.byte	0x1
 1585 0646 1A       		.byte	0x1a
 1586 0647 64000000 		.4byte	0x64
 1587 064b 05       		.uleb128 0x5
 1588 064c 03       		.byte	0x3
 1589 064d 00000000 		.4byte	targetPosition
 1590 0651 13       		.uleb128 0x13
 1591 0652 15020000 		.4byte	.LASF35
 1592 0656 01       		.byte	0x1
 1593 0657 1B       		.byte	0x1b
 1594 0658 64000000 		.4byte	0x64
 1595 065c 05       		.uleb128 0x5
 1596 065d 03       		.byte	0x3
 1597 065e 00000000 		.4byte	currentVelocity
 1598 0662 13       		.uleb128 0x13
 1599 0663 84020000 		.4byte	.LASF36
 1600 0667 01       		.byte	0x1
 1601 0668 1C       		.byte	0x1c
 1602 0669 64000000 		.4byte	0x64
 1603 066d 05       		.uleb128 0x5
 1604 066e 03       		.byte	0x3
 1605 066f 00000000 		.4byte	dbg_step
 1606 0673 15       		.uleb128 0x15
 1607 0674 4500     		.ascii	"E\000"
 1608 0676 01       		.byte	0x1
 1609 0677 1D       		.byte	0x1d
 1610 0678 64000000 		.4byte	0x64
 1611 067c 05       		.uleb128 0x5
 1612 067d 03       		.byte	0x3
 1613 067e 00000000 		.4byte	E
 1614 0682 13       		.uleb128 0x13
 1615 0683 2F030000 		.4byte	.LASF37
 1616 0687 01       		.byte	0x1
 1617 0688 1E       		.byte	0x1e
 1618 0689 64000000 		.4byte	0x64
 1619 068d 05       		.uleb128 0x5
 1620 068e 03       		.byte	0x3
 1621 068f 00000000 		.4byte	E_max
 1622 0693 15       		.uleb128 0x15
 1623 0694 64697200 		.ascii	"dir\000"
 1624 0698 01       		.byte	0x1
 1625 0699 1F       		.byte	0x1f
 1626 069a 64000000 		.4byte	0x64
 1627 069e 05       		.uleb128 0x5
ARM GAS  C:\Users\casey\AppData\Local\Temp\ccOobyUC.s 			page 33


 1628 069f 03       		.byte	0x3
 1629 06a0 00000000 		.4byte	dir
 1630 06a4 16       		.uleb128 0x16
 1631 06a5 51030000 		.4byte	.LASF38
 1632 06a9 51030000 		.4byte	.LASF38
 1633 06ad 03       		.byte	0x3
 1634 06ae 2A03     		.2byte	0x32a
 1635 06b0 17       		.uleb128 0x17
 1636 06b1 D7000000 		.4byte	.LASF39
 1637 06b5 D7000000 		.4byte	.LASF39
 1638 06b9 04       		.byte	0x4
 1639 06ba 50       		.byte	0x50
 1640 06bb 17       		.uleb128 0x17
 1641 06bc B7030000 		.4byte	.LASF40
 1642 06c0 B7030000 		.4byte	.LASF40
 1643 06c4 05       		.byte	0x5
 1644 06c5 5A       		.byte	0x5a
 1645 06c6 17       		.uleb128 0x17
 1646 06c7 68030000 		.4byte	.LASF41
 1647 06cb 68030000 		.4byte	.LASF41
 1648 06cf 06       		.byte	0x6
 1649 06d0 28       		.byte	0x28
 1650 06d1 17       		.uleb128 0x17
 1651 06d2 CF020000 		.4byte	.LASF42
 1652 06d6 CF020000 		.4byte	.LASF42
 1653 06da 07       		.byte	0x7
 1654 06db 28       		.byte	0x28
 1655 06dc 17       		.uleb128 0x17
 1656 06dd 31020000 		.4byte	.LASF43
 1657 06e1 31020000 		.4byte	.LASF43
 1658 06e5 08       		.byte	0x8
 1659 06e6 28       		.byte	0x28
 1660 06e7 17       		.uleb128 0x17
 1661 06e8 E7000000 		.4byte	.LASF44
 1662 06ec E7000000 		.4byte	.LASF44
 1663 06f0 05       		.byte	0x5
 1664 06f1 5D       		.byte	0x5d
 1665 06f2 17       		.uleb128 0x17
 1666 06f3 02040000 		.4byte	.LASF45
 1667 06f7 02040000 		.4byte	.LASF45
 1668 06fb 09       		.byte	0x9
 1669 06fc 2F       		.byte	0x2f
 1670 06fd 17       		.uleb128 0x17
 1671 06fe D1030000 		.4byte	.LASF46
 1672 0702 D1030000 		.4byte	.LASF46
 1673 0706 0A       		.byte	0xa
 1674 0707 87       		.byte	0x87
 1675 0708 17       		.uleb128 0x17
 1676 0709 00000000 		.4byte	.LASF47
 1677 070d 00000000 		.4byte	.LASF47
 1678 0711 04       		.byte	0x4
 1679 0712 5F       		.byte	0x5f
 1680 0713 17       		.uleb128 0x17
 1681 0714 D6030000 		.4byte	.LASF48
 1682 0718 D6030000 		.4byte	.LASF48
 1683 071c 0B       		.byte	0xb
 1684 071d 28       		.byte	0x28
ARM GAS  C:\Users\casey\AppData\Local\Temp\ccOobyUC.s 			page 34


 1685 071e 17       		.uleb128 0x17
 1686 071f 7F020000 		.4byte	.LASF49
 1687 0723 7F020000 		.4byte	.LASF49
 1688 0727 0C       		.byte	0xc
 1689 0728 CB       		.byte	0xcb
 1690 0729 17       		.uleb128 0x17
 1691 072a 23010000 		.4byte	.LASF50
 1692 072e 23010000 		.4byte	.LASF50
 1693 0732 05       		.byte	0x5
 1694 0733 71       		.byte	0x71
 1695 0734 16       		.uleb128 0x16
 1696 0735 A6020000 		.4byte	.LASF51
 1697 0739 A6020000 		.4byte	.LASF51
 1698 073d 0A       		.byte	0xa
 1699 073e 4B01     		.2byte	0x14b
 1700 0740 16       		.uleb128 0x16
 1701 0741 CE010000 		.4byte	.LASF52
 1702 0745 CE010000 		.4byte	.LASF52
 1703 0749 03       		.byte	0x3
 1704 074a 1003     		.2byte	0x310
 1705 074c 17       		.uleb128 0x17
 1706 074d 34000000 		.4byte	.LASF53
 1707 0751 34000000 		.4byte	.LASF53
 1708 0755 06       		.byte	0x6
 1709 0756 18       		.byte	0x18
 1710 0757 17       		.uleb128 0x17
 1711 0758 AB000000 		.4byte	.LASF54
 1712 075c AB000000 		.4byte	.LASF54
 1713 0760 07       		.byte	0x7
 1714 0761 18       		.byte	0x18
 1715 0762 17       		.uleb128 0x17
 1716 0763 17000000 		.4byte	.LASF55
 1717 0767 17000000 		.4byte	.LASF55
 1718 076b 08       		.byte	0x8
 1719 076c 18       		.byte	0x18
 1720 076d 17       		.uleb128 0x17
 1721 076e FB010000 		.4byte	.LASF56
 1722 0772 FB010000 		.4byte	.LASF56
 1723 0776 0B       		.byte	0xb
 1724 0777 18       		.byte	0x18
 1725 0778 17       		.uleb128 0x17
 1726 0779 E6020000 		.4byte	.LASF57
 1727 077d E6020000 		.4byte	.LASF57
 1728 0781 05       		.byte	0x5
 1729 0782 4F       		.byte	0x4f
 1730 0783 17       		.uleb128 0x17
 1731 0784 21040000 		.4byte	.LASF58
 1732 0788 21040000 		.4byte	.LASF58
 1733 078c 04       		.byte	0x4
 1734 078d 70       		.byte	0x70
 1735 078e 17       		.uleb128 0x17
 1736 078f 8D020000 		.4byte	.LASF59
 1737 0793 8D020000 		.4byte	.LASF59
 1738 0797 0D       		.byte	0xd
 1739 0798 72       		.byte	0x72
 1740 0799 00       		.byte	0
 1741              		.section	.debug_abbrev,"",%progbits
ARM GAS  C:\Users\casey\AppData\Local\Temp\ccOobyUC.s 			page 35


 1742              	.Ldebug_abbrev0:
 1743 0000 01       		.uleb128 0x1
 1744 0001 11       		.uleb128 0x11
 1745 0002 01       		.byte	0x1
 1746 0003 25       		.uleb128 0x25
 1747 0004 0E       		.uleb128 0xe
 1748 0005 13       		.uleb128 0x13
 1749 0006 0B       		.uleb128 0xb
 1750 0007 03       		.uleb128 0x3
 1751 0008 0E       		.uleb128 0xe
 1752 0009 1B       		.uleb128 0x1b
 1753 000a 0E       		.uleb128 0xe
 1754 000b 55       		.uleb128 0x55
 1755 000c 17       		.uleb128 0x17
 1756 000d 11       		.uleb128 0x11
 1757 000e 01       		.uleb128 0x1
 1758 000f 10       		.uleb128 0x10
 1759 0010 17       		.uleb128 0x17
 1760 0011 00       		.byte	0
 1761 0012 00       		.byte	0
 1762 0013 02       		.uleb128 0x2
 1763 0014 24       		.uleb128 0x24
 1764 0015 00       		.byte	0
 1765 0016 0B       		.uleb128 0xb
 1766 0017 0B       		.uleb128 0xb
 1767 0018 3E       		.uleb128 0x3e
 1768 0019 0B       		.uleb128 0xb
 1769 001a 03       		.uleb128 0x3
 1770 001b 0E       		.uleb128 0xe
 1771 001c 00       		.byte	0
 1772 001d 00       		.byte	0
 1773 001e 03       		.uleb128 0x3
 1774 001f 24       		.uleb128 0x24
 1775 0020 00       		.byte	0
 1776 0021 0B       		.uleb128 0xb
 1777 0022 0B       		.uleb128 0xb
 1778 0023 3E       		.uleb128 0x3e
 1779 0024 0B       		.uleb128 0xb
 1780 0025 03       		.uleb128 0x3
 1781 0026 08       		.uleb128 0x8
 1782 0027 00       		.byte	0
 1783 0028 00       		.byte	0
 1784 0029 04       		.uleb128 0x4
 1785 002a 2E       		.uleb128 0x2e
 1786 002b 01       		.byte	0x1
 1787 002c 3F       		.uleb128 0x3f
 1788 002d 19       		.uleb128 0x19
 1789 002e 03       		.uleb128 0x3
 1790 002f 0E       		.uleb128 0xe
 1791 0030 3A       		.uleb128 0x3a
 1792 0031 0B       		.uleb128 0xb
 1793 0032 3B       		.uleb128 0x3b
 1794 0033 0B       		.uleb128 0xb
 1795 0034 27       		.uleb128 0x27
 1796 0035 19       		.uleb128 0x19
 1797 0036 11       		.uleb128 0x11
 1798 0037 01       		.uleb128 0x1
ARM GAS  C:\Users\casey\AppData\Local\Temp\ccOobyUC.s 			page 36


 1799 0038 12       		.uleb128 0x12
 1800 0039 06       		.uleb128 0x6
 1801 003a 40       		.uleb128 0x40
 1802 003b 18       		.uleb128 0x18
 1803 003c 9742     		.uleb128 0x2117
 1804 003e 19       		.uleb128 0x19
 1805 003f 01       		.uleb128 0x1
 1806 0040 13       		.uleb128 0x13
 1807 0041 00       		.byte	0
 1808 0042 00       		.byte	0
 1809 0043 05       		.uleb128 0x5
 1810 0044 898201   		.uleb128 0x4109
 1811 0047 01       		.byte	0x1
 1812 0048 11       		.uleb128 0x11
 1813 0049 01       		.uleb128 0x1
 1814 004a 31       		.uleb128 0x31
 1815 004b 13       		.uleb128 0x13
 1816 004c 01       		.uleb128 0x1
 1817 004d 13       		.uleb128 0x13
 1818 004e 00       		.byte	0
 1819 004f 00       		.byte	0
 1820 0050 06       		.uleb128 0x6
 1821 0051 8A8201   		.uleb128 0x410a
 1822 0054 00       		.byte	0
 1823 0055 02       		.uleb128 0x2
 1824 0056 18       		.uleb128 0x18
 1825 0057 9142     		.uleb128 0x2111
 1826 0059 18       		.uleb128 0x18
 1827 005a 00       		.byte	0
 1828 005b 00       		.byte	0
 1829 005c 07       		.uleb128 0x7
 1830 005d 898201   		.uleb128 0x4109
 1831 0060 00       		.byte	0
 1832 0061 11       		.uleb128 0x11
 1833 0062 01       		.uleb128 0x1
 1834 0063 31       		.uleb128 0x31
 1835 0064 13       		.uleb128 0x13
 1836 0065 00       		.byte	0
 1837 0066 00       		.byte	0
 1838 0067 08       		.uleb128 0x8
 1839 0068 2E       		.uleb128 0x2e
 1840 0069 01       		.byte	0x1
 1841 006a 3F       		.uleb128 0x3f
 1842 006b 19       		.uleb128 0x19
 1843 006c 03       		.uleb128 0x3
 1844 006d 0E       		.uleb128 0xe
 1845 006e 3A       		.uleb128 0x3a
 1846 006f 0B       		.uleb128 0xb
 1847 0070 3B       		.uleb128 0x3b
 1848 0071 0B       		.uleb128 0xb
 1849 0072 27       		.uleb128 0x27
 1850 0073 19       		.uleb128 0x19
 1851 0074 11       		.uleb128 0x11
 1852 0075 01       		.uleb128 0x1
 1853 0076 12       		.uleb128 0x12
 1854 0077 06       		.uleb128 0x6
 1855 0078 40       		.uleb128 0x40
ARM GAS  C:\Users\casey\AppData\Local\Temp\ccOobyUC.s 			page 37


 1856 0079 18       		.uleb128 0x18
 1857 007a 9642     		.uleb128 0x2116
 1858 007c 19       		.uleb128 0x19
 1859 007d 01       		.uleb128 0x1
 1860 007e 13       		.uleb128 0x13
 1861 007f 00       		.byte	0
 1862 0080 00       		.byte	0
 1863 0081 09       		.uleb128 0x9
 1864 0082 34       		.uleb128 0x34
 1865 0083 00       		.byte	0
 1866 0084 03       		.uleb128 0x3
 1867 0085 08       		.uleb128 0x8
 1868 0086 3A       		.uleb128 0x3a
 1869 0087 0B       		.uleb128 0xb
 1870 0088 3B       		.uleb128 0x3b
 1871 0089 0B       		.uleb128 0xb
 1872 008a 49       		.uleb128 0x49
 1873 008b 13       		.uleb128 0x13
 1874 008c 02       		.uleb128 0x2
 1875 008d 17       		.uleb128 0x17
 1876 008e 00       		.byte	0
 1877 008f 00       		.byte	0
 1878 0090 0A       		.uleb128 0xa
 1879 0091 34       		.uleb128 0x34
 1880 0092 00       		.byte	0
 1881 0093 03       		.uleb128 0x3
 1882 0094 0E       		.uleb128 0xe
 1883 0095 3A       		.uleb128 0x3a
 1884 0096 0B       		.uleb128 0xb
 1885 0097 3B       		.uleb128 0x3b
 1886 0098 0B       		.uleb128 0xb
 1887 0099 49       		.uleb128 0x49
 1888 009a 13       		.uleb128 0x13
 1889 009b 02       		.uleb128 0x2
 1890 009c 17       		.uleb128 0x17
 1891 009d 00       		.byte	0
 1892 009e 00       		.byte	0
 1893 009f 0B       		.uleb128 0xb
 1894 00a0 2E       		.uleb128 0x2e
 1895 00a1 01       		.byte	0x1
 1896 00a2 3F       		.uleb128 0x3f
 1897 00a3 19       		.uleb128 0x19
 1898 00a4 03       		.uleb128 0x3
 1899 00a5 0E       		.uleb128 0xe
 1900 00a6 3A       		.uleb128 0x3a
 1901 00a7 0B       		.uleb128 0xb
 1902 00a8 3B       		.uleb128 0x3b
 1903 00a9 0B       		.uleb128 0xb
 1904 00aa 49       		.uleb128 0x49
 1905 00ab 13       		.uleb128 0x13
 1906 00ac 11       		.uleb128 0x11
 1907 00ad 01       		.uleb128 0x1
 1908 00ae 12       		.uleb128 0x12
 1909 00af 06       		.uleb128 0x6
 1910 00b0 40       		.uleb128 0x40
 1911 00b1 18       		.uleb128 0x18
 1912 00b2 9642     		.uleb128 0x2116
ARM GAS  C:\Users\casey\AppData\Local\Temp\ccOobyUC.s 			page 38


 1913 00b4 19       		.uleb128 0x19
 1914 00b5 01       		.uleb128 0x1
 1915 00b6 13       		.uleb128 0x13
 1916 00b7 00       		.byte	0
 1917 00b8 00       		.byte	0
 1918 00b9 0C       		.uleb128 0xc
 1919 00ba 05       		.uleb128 0x5
 1920 00bb 00       		.byte	0
 1921 00bc 03       		.uleb128 0x3
 1922 00bd 0E       		.uleb128 0xe
 1923 00be 3A       		.uleb128 0x3a
 1924 00bf 0B       		.uleb128 0xb
 1925 00c0 3B       		.uleb128 0x3b
 1926 00c1 0B       		.uleb128 0xb
 1927 00c2 49       		.uleb128 0x49
 1928 00c3 13       		.uleb128 0x13
 1929 00c4 02       		.uleb128 0x2
 1930 00c5 17       		.uleb128 0x17
 1931 00c6 00       		.byte	0
 1932 00c7 00       		.byte	0
 1933 00c8 0D       		.uleb128 0xd
 1934 00c9 2E       		.uleb128 0x2e
 1935 00ca 01       		.byte	0x1
 1936 00cb 3F       		.uleb128 0x3f
 1937 00cc 19       		.uleb128 0x19
 1938 00cd 03       		.uleb128 0x3
 1939 00ce 0E       		.uleb128 0xe
 1940 00cf 3A       		.uleb128 0x3a
 1941 00d0 0B       		.uleb128 0xb
 1942 00d1 3B       		.uleb128 0x3b
 1943 00d2 0B       		.uleb128 0xb
 1944 00d3 27       		.uleb128 0x27
 1945 00d4 19       		.uleb128 0x19
 1946 00d5 49       		.uleb128 0x49
 1947 00d6 13       		.uleb128 0x13
 1948 00d7 8701     		.uleb128 0x87
 1949 00d9 19       		.uleb128 0x19
 1950 00da 11       		.uleb128 0x11
 1951 00db 01       		.uleb128 0x1
 1952 00dc 12       		.uleb128 0x12
 1953 00dd 06       		.uleb128 0x6
 1954 00de 40       		.uleb128 0x40
 1955 00df 18       		.uleb128 0x18
 1956 00e0 9642     		.uleb128 0x2116
 1957 00e2 19       		.uleb128 0x19
 1958 00e3 01       		.uleb128 0x1
 1959 00e4 13       		.uleb128 0x13
 1960 00e5 00       		.byte	0
 1961 00e6 00       		.byte	0
 1962 00e7 0E       		.uleb128 0xe
 1963 00e8 0B       		.uleb128 0xb
 1964 00e9 01       		.byte	0x1
 1965 00ea 11       		.uleb128 0x11
 1966 00eb 01       		.uleb128 0x1
 1967 00ec 12       		.uleb128 0x12
 1968 00ed 06       		.uleb128 0x6
 1969 00ee 01       		.uleb128 0x1
ARM GAS  C:\Users\casey\AppData\Local\Temp\ccOobyUC.s 			page 39


 1970 00ef 13       		.uleb128 0x13
 1971 00f0 00       		.byte	0
 1972 00f1 00       		.byte	0
 1973 00f2 0F       		.uleb128 0xf
 1974 00f3 34       		.uleb128 0x34
 1975 00f4 00       		.byte	0
 1976 00f5 03       		.uleb128 0x3
 1977 00f6 0E       		.uleb128 0xe
 1978 00f7 3A       		.uleb128 0x3a
 1979 00f8 0B       		.uleb128 0xb
 1980 00f9 3B       		.uleb128 0x3b
 1981 00fa 0B       		.uleb128 0xb
 1982 00fb 49       		.uleb128 0x49
 1983 00fc 13       		.uleb128 0x13
 1984 00fd 00       		.byte	0
 1985 00fe 00       		.byte	0
 1986 00ff 10       		.uleb128 0x10
 1987 0100 898201   		.uleb128 0x4109
 1988 0103 01       		.byte	0x1
 1989 0104 11       		.uleb128 0x11
 1990 0105 01       		.uleb128 0x1
 1991 0106 31       		.uleb128 0x31
 1992 0107 13       		.uleb128 0x13
 1993 0108 00       		.byte	0
 1994 0109 00       		.byte	0
 1995 010a 11       		.uleb128 0x11
 1996 010b 01       		.uleb128 0x1
 1997 010c 01       		.byte	0x1
 1998 010d 49       		.uleb128 0x49
 1999 010e 13       		.uleb128 0x13
 2000 010f 01       		.uleb128 0x1
 2001 0110 13       		.uleb128 0x13
 2002 0111 00       		.byte	0
 2003 0112 00       		.byte	0
 2004 0113 12       		.uleb128 0x12
 2005 0114 21       		.uleb128 0x21
 2006 0115 00       		.byte	0
 2007 0116 49       		.uleb128 0x49
 2008 0117 13       		.uleb128 0x13
 2009 0118 2F       		.uleb128 0x2f
 2010 0119 0B       		.uleb128 0xb
 2011 011a 00       		.byte	0
 2012 011b 00       		.byte	0
 2013 011c 13       		.uleb128 0x13
 2014 011d 34       		.uleb128 0x34
 2015 011e 00       		.byte	0
 2016 011f 03       		.uleb128 0x3
 2017 0120 0E       		.uleb128 0xe
 2018 0121 3A       		.uleb128 0x3a
 2019 0122 0B       		.uleb128 0xb
 2020 0123 3B       		.uleb128 0x3b
 2021 0124 0B       		.uleb128 0xb
 2022 0125 49       		.uleb128 0x49
 2023 0126 13       		.uleb128 0x13
 2024 0127 3F       		.uleb128 0x3f
 2025 0128 19       		.uleb128 0x19
 2026 0129 02       		.uleb128 0x2
ARM GAS  C:\Users\casey\AppData\Local\Temp\ccOobyUC.s 			page 40


 2027 012a 18       		.uleb128 0x18
 2028 012b 00       		.byte	0
 2029 012c 00       		.byte	0
 2030 012d 14       		.uleb128 0x14
 2031 012e 26       		.uleb128 0x26
 2032 012f 00       		.byte	0
 2033 0130 49       		.uleb128 0x49
 2034 0131 13       		.uleb128 0x13
 2035 0132 00       		.byte	0
 2036 0133 00       		.byte	0
 2037 0134 15       		.uleb128 0x15
 2038 0135 34       		.uleb128 0x34
 2039 0136 00       		.byte	0
 2040 0137 03       		.uleb128 0x3
 2041 0138 08       		.uleb128 0x8
 2042 0139 3A       		.uleb128 0x3a
 2043 013a 0B       		.uleb128 0xb
 2044 013b 3B       		.uleb128 0x3b
 2045 013c 0B       		.uleb128 0xb
 2046 013d 49       		.uleb128 0x49
 2047 013e 13       		.uleb128 0x13
 2048 013f 3F       		.uleb128 0x3f
 2049 0140 19       		.uleb128 0x19
 2050 0141 02       		.uleb128 0x2
 2051 0142 18       		.uleb128 0x18
 2052 0143 00       		.byte	0
 2053 0144 00       		.byte	0
 2054 0145 16       		.uleb128 0x16
 2055 0146 2E       		.uleb128 0x2e
 2056 0147 00       		.byte	0
 2057 0148 3F       		.uleb128 0x3f
 2058 0149 19       		.uleb128 0x19
 2059 014a 3C       		.uleb128 0x3c
 2060 014b 19       		.uleb128 0x19
 2061 014c 6E       		.uleb128 0x6e
 2062 014d 0E       		.uleb128 0xe
 2063 014e 03       		.uleb128 0x3
 2064 014f 0E       		.uleb128 0xe
 2065 0150 3A       		.uleb128 0x3a
 2066 0151 0B       		.uleb128 0xb
 2067 0152 3B       		.uleb128 0x3b
 2068 0153 05       		.uleb128 0x5
 2069 0154 00       		.byte	0
 2070 0155 00       		.byte	0
 2071 0156 17       		.uleb128 0x17
 2072 0157 2E       		.uleb128 0x2e
 2073 0158 00       		.byte	0
 2074 0159 3F       		.uleb128 0x3f
 2075 015a 19       		.uleb128 0x19
 2076 015b 3C       		.uleb128 0x3c
 2077 015c 19       		.uleb128 0x19
 2078 015d 6E       		.uleb128 0x6e
 2079 015e 0E       		.uleb128 0xe
 2080 015f 03       		.uleb128 0x3
 2081 0160 0E       		.uleb128 0xe
 2082 0161 3A       		.uleb128 0x3a
 2083 0162 0B       		.uleb128 0xb
ARM GAS  C:\Users\casey\AppData\Local\Temp\ccOobyUC.s 			page 41


 2084 0163 3B       		.uleb128 0x3b
 2085 0164 0B       		.uleb128 0xb
 2086 0165 00       		.byte	0
 2087 0166 00       		.byte	0
 2088 0167 00       		.byte	0
 2089              		.section	.debug_loc,"",%progbits
 2090              	.Ldebug_loc0:
 2091              	.LLST0:
 2092 0000 08000000 		.4byte	.LVL14
 2093 0004 1B000000 		.4byte	.LVL15-1
 2094 0008 0100     		.2byte	0x1
 2095 000a 50       		.byte	0x50
 2096 000b 1B000000 		.4byte	.LVL15-1
 2097 000f 1E000000 		.4byte	.LVL16
 2098 0013 0100     		.2byte	0x1
 2099 0015 54       		.byte	0x54
 2100 0016 1E000000 		.4byte	.LVL16
 2101 001a 24000000 		.4byte	.LVL17
 2102 001e 0100     		.2byte	0x1
 2103 0020 50       		.byte	0x50
 2104 0021 24000000 		.4byte	.LVL17
 2105 0025 30000000 		.4byte	.LVL19
 2106 0029 0100     		.2byte	0x1
 2107 002b 54       		.byte	0x54
 2108 002c 30000000 		.4byte	.LVL19
 2109 0030 32000000 		.4byte	.LVL20
 2110 0034 0100     		.2byte	0x1
 2111 0036 50       		.byte	0x50
 2112 0037 32000000 		.4byte	.LVL20
 2113 003b 74000000 		.4byte	.LVL22
 2114 003f 0100     		.2byte	0x1
 2115 0041 54       		.byte	0x54
 2116 0042 00000000 		.4byte	0
 2117 0046 00000000 		.4byte	0
 2118              	.LLST1:
 2119 004a A6000000 		.4byte	.LVL29
 2120 004e AA000000 		.4byte	.LVL30
 2121 0052 0100     		.2byte	0x1
 2122 0054 50       		.byte	0x50
 2123 0055 AA000000 		.4byte	.LVL30
 2124 0059 AD000000 		.4byte	.LVL31-1
 2125 005d 0100     		.2byte	0x1
 2126 005f 51       		.byte	0x51
 2127 0060 AD000000 		.4byte	.LVL31-1
 2128 0064 CC000000 		.4byte	.LVL36
 2129 0068 0100     		.2byte	0x1
 2130 006a 54       		.byte	0x54
 2131 006b 00000000 		.4byte	0
 2132 006f 00000000 		.4byte	0
 2133              	.LLST2:
 2134 0073 00000000 		.4byte	.LVL39
 2135 0077 0D000000 		.4byte	.LVL40-1
 2136 007b 0100     		.2byte	0x1
 2137 007d 50       		.byte	0x50
 2138 007e 0D000000 		.4byte	.LVL40-1
 2139 0082 34000000 		.4byte	.LFE35
 2140 0086 0400     		.2byte	0x4
ARM GAS  C:\Users\casey\AppData\Local\Temp\ccOobyUC.s 			page 42


 2141 0088 F3       		.byte	0xf3
 2142 0089 01       		.uleb128 0x1
 2143 008a 50       		.byte	0x50
 2144 008b 9F       		.byte	0x9f
 2145 008c 00000000 		.4byte	0
 2146 0090 00000000 		.4byte	0
 2147              	.LLST3:
 2148 0094 00000000 		.4byte	.LVL45
 2149 0098 0B000000 		.4byte	.LVL46-1
 2150 009c 0600     		.2byte	0x6
 2151 009e 50       		.byte	0x50
 2152 009f 93       		.byte	0x93
 2153 00a0 04       		.uleb128 0x4
 2154 00a1 51       		.byte	0x51
 2155 00a2 93       		.byte	0x93
 2156 00a3 04       		.uleb128 0x4
 2157 00a4 0B000000 		.4byte	.LVL46-1
 2158 00a8 20000000 		.4byte	.LFE36
 2159 00ac 0600     		.2byte	0x6
 2160 00ae F3       		.byte	0xf3
 2161 00af 03       		.uleb128 0x3
 2162 00b0 F5       		.byte	0xf5
 2163 00b1 00       		.uleb128 0
 2164 00b2 25       		.uleb128 0x25
 2165 00b3 9F       		.byte	0x9f
 2166 00b4 00000000 		.4byte	0
 2167 00b8 00000000 		.4byte	0
 2168              	.LLST4:
 2169 00bc 00000000 		.4byte	.LVL50
 2170 00c0 08000000 		.4byte	.LVL51
 2171 00c4 0100     		.2byte	0x1
 2172 00c6 50       		.byte	0x50
 2173 00c7 08000000 		.4byte	.LVL51
 2174 00cb 14000000 		.4byte	.LFE37
 2175 00cf 0400     		.2byte	0x4
 2176 00d1 F3       		.byte	0xf3
 2177 00d2 01       		.uleb128 0x1
 2178 00d3 50       		.byte	0x50
 2179 00d4 9F       		.byte	0x9f
 2180 00d5 00000000 		.4byte	0
 2181 00d9 00000000 		.4byte	0
 2182              	.LLST5:
 2183 00dd A8000000 		.4byte	.LVL75
 2184 00e1 B0000000 		.4byte	.LVL76
 2185 00e5 0100     		.2byte	0x1
 2186 00e7 50       		.byte	0x50
 2187 00e8 B6000000 		.4byte	.LVL78
 2188 00ec BE000000 		.4byte	.LVL79
 2189 00f0 0100     		.2byte	0x1
 2190 00f2 50       		.byte	0x50
 2191 00f3 C6000000 		.4byte	.LVL81
 2192 00f7 E2000000 		.4byte	.LVL82
 2193 00fb 0100     		.2byte	0x1
 2194 00fd 50       		.byte	0x50
 2195 00fe 04010000 		.4byte	.LVL88
 2196 0102 24010000 		.4byte	.LVL89
 2197 0106 0100     		.2byte	0x1
ARM GAS  C:\Users\casey\AppData\Local\Temp\ccOobyUC.s 			page 43


 2198 0108 50       		.byte	0x50
 2199 0109 00000000 		.4byte	0
 2200 010d 00000000 		.4byte	0
 2201              		.section	.debug_aranges,"",%progbits
 2202 0000 5C000000 		.4byte	0x5c
 2203 0004 0200     		.2byte	0x2
 2204 0006 00000000 		.4byte	.Ldebug_info0
 2205 000a 04       		.byte	0x4
 2206 000b 00       		.byte	0
 2207 000c 0000     		.2byte	0
 2208 000e 0000     		.2byte	0
 2209 0010 00000000 		.4byte	.LFB38
 2210 0014 28000000 		.4byte	.LFE38-.LFB38
 2211 0018 00000000 		.4byte	.LFB39
 2212 001c 20000000 		.4byte	.LFE39-.LFB39
 2213 0020 00000000 		.4byte	.LFB40
 2214 0024 20000000 		.4byte	.LFE40-.LFB40
 2215 0028 00000000 		.4byte	.LFB41
 2216 002c F0000000 		.4byte	.LFE41-.LFB41
 2217 0030 00000000 		.4byte	.LFB34
 2218 0034 0C000000 		.4byte	.LFE34-.LFB34
 2219 0038 00000000 		.4byte	.LFB35
 2220 003c 34000000 		.4byte	.LFE35-.LFB35
 2221 0040 00000000 		.4byte	.LFB36
 2222 0044 20000000 		.4byte	.LFE36-.LFB36
 2223 0048 00000000 		.4byte	.LFB37
 2224 004c 14000000 		.4byte	.LFE37-.LFB37
 2225 0050 00000000 		.4byte	.LFB42
 2226 0054 88010000 		.4byte	.LFE42-.LFB42
 2227 0058 00000000 		.4byte	0
 2228 005c 00000000 		.4byte	0
 2229              		.section	.debug_ranges,"",%progbits
 2230              	.Ldebug_ranges0:
 2231 0000 00000000 		.4byte	.LFB38
 2232 0004 28000000 		.4byte	.LFE38
 2233 0008 00000000 		.4byte	.LFB39
 2234 000c 20000000 		.4byte	.LFE39
 2235 0010 00000000 		.4byte	.LFB40
 2236 0014 20000000 		.4byte	.LFE40
 2237 0018 00000000 		.4byte	.LFB41
 2238 001c F0000000 		.4byte	.LFE41
 2239 0020 00000000 		.4byte	.LFB34
 2240 0024 0C000000 		.4byte	.LFE34
 2241 0028 00000000 		.4byte	.LFB35
 2242 002c 34000000 		.4byte	.LFE35
 2243 0030 00000000 		.4byte	.LFB36
 2244 0034 20000000 		.4byte	.LFE36
 2245 0038 00000000 		.4byte	.LFB37
 2246 003c 14000000 		.4byte	.LFE37
 2247 0040 00000000 		.4byte	.LFB42
 2248 0044 88010000 		.4byte	.LFE42
 2249 0048 00000000 		.4byte	0
 2250 004c 00000000 		.4byte	0
 2251              		.section	.debug_line,"",%progbits
 2252              	.Ldebug_line0:
 2253 0000 2D020000 		.section	.debug_str,"MS",%progbits,1
 2253      02004D01 
ARM GAS  C:\Users\casey\AppData\Local\Temp\ccOobyUC.s 			page 44


 2253      00000201 
 2253      FB0E0D00 
 2253      01010101 
 2254              	.LASF47:
 2255 0000 53746570 		.ascii	"Step_Timer_WritePeriod\000"
 2255      5F54696D 
 2255      65725F57 
 2255      72697465 
 2255      50657269 
 2256              	.LASF55:
 2257 0017 6973725F 		.ascii	"isr_fault_StartEx\000"
 2257      6661756C 
 2257      745F5374 
 2257      61727445 
 2257      7800
 2258              	.LASF18:
 2259 0029 6E65775F 		.ascii	"new_period\000"
 2259      70657269 
 2259      6F6400
 2260              	.LASF53:
 2261 0034 6973725F 		.ascii	"isr_lim_1_StartEx\000"
 2261      6C696D5F 
 2261      315F5374 
 2261      61727445 
 2261      7800
 2262              	.LASF62:
 2263 0046 433A5C55 		.ascii	"C:\\Users\\casey\\Desktop\\Robotics Stuff\\TB67S249"
 2263      73657273 
 2263      5C636173 
 2263      65795C44 
 2263      65736B74 
 2264 0074 4654475F 		.ascii	"FTG_Stepper_Motor_Driver\\StepperDriver.cydsn\000"
 2264      53746570 
 2264      7065725F 
 2264      4D6F746F 
 2264      725F4472 
 2265              	.LASF3:
 2266 00a1 73686F72 		.ascii	"short int\000"
 2266      7420696E 
 2266      7400
 2267              	.LASF54:
 2268 00ab 6973725F 		.ascii	"isr_lim_2_StartEx\000"
 2268      6C696D5F 
 2268      325F5374 
 2268      61727445 
 2268      7800
 2269              	.LASF64:
 2270 00bd 63757272 		.ascii	"currentPosition\000"
 2270      656E7450 
 2270      6F736974 
 2270      696F6E00 
 2271              	.LASF21:
 2272 00cd 476F746F 		.ascii	"GotoAngle\000"
 2272      416E676C 
 2272      6500
 2273              	.LASF39:
 2274 00d7 53746570 		.ascii	"Step_Timer_Stop\000"
ARM GAS  C:\Users\casey\AppData\Local\Temp\ccOobyUC.s 			page 45


 2274      5F54696D 
 2274      65725F53 
 2274      746F7000 
 2275              	.LASF44:
 2276 00e7 53746570 		.ascii	"Step_Counter_ReadCounter\000"
 2276      5F436F75 
 2276      6E746572 
 2276      5F526561 
 2276      64436F75 
 2277              	.LASF30:
 2278 0100 6D617841 		.ascii	"maxAcceleration\000"
 2278      6363656C 
 2278      65726174 
 2278      696F6E00 
 2279              	.LASF7:
 2280 0110 6C6F6E67 		.ascii	"long long int\000"
 2280      206C6F6E 
 2280      6720696E 
 2280      7400
 2281              	.LASF24:
 2282 011e 53746570 		.ascii	"Step\000"
 2282      00
 2283              	.LASF50:
 2284 0123 53746570 		.ascii	"Step_Counter_Enable\000"
 2284      5F436F75 
 2284      6E746572 
 2284      5F456E61 
 2284      626C6500 
 2285              	.LASF60:
 2286 0137 474E5520 		.ascii	"GNU C11 5.4.1 20160609 (release) [ARM/embedded-5-br"
 2286      43313120 
 2286      352E342E 
 2286      31203230 
 2286      31363036 
 2287 016a 616E6368 		.ascii	"anch revision 237715] -mcpu=cortex-m0 -mthumb -g -O"
 2287      20726576 
 2287      6973696F 
 2287      6E203233 
 2287      37373135 
 2288 019d 67202D66 		.ascii	"g -ffunction-sections -ffat-lto-objects\000"
 2288      66756E63 
 2288      74696F6E 
 2288      2D736563 
 2288      74696F6E 
 2289              	.LASF32:
 2290 01c5 73746570 		.ascii	"stepSize\000"
 2290      53697A65 
 2290      00
 2291              	.LASF52:
 2292 01ce 4442475F 		.ascii	"DBG_UART_UartGetByte\000"
 2292      55415254 
 2292      5F556172 
 2292      74476574 
 2292      42797465 
 2293              	.LASF16:
 2294 01e3 4F6E5F46 		.ascii	"On_Fault\000"
 2294      61756C74 
ARM GAS  C:\Users\casey\AppData\Local\Temp\ccOobyUC.s 			page 46


 2294      00
 2295              	.LASF10:
 2296 01ec 666C6F61 		.ascii	"float\000"
 2296      7400
 2297              	.LASF33:
 2298 01f2 6D617841 		.ascii	"maxAccel\000"
 2298      6363656C 
 2298      00
 2299              	.LASF56:
 2300 01fb 6973725F 		.ascii	"isr_step_StartEx\000"
 2300      73746570 
 2300      5F537461 
 2300      72744578 
 2300      00
 2301              	.LASF5:
 2302 020c 6C6F6E67 		.ascii	"long int\000"
 2302      20696E74 
 2302      00
 2303              	.LASF35:
 2304 0215 63757272 		.ascii	"currentVelocity\000"
 2304      656E7456 
 2304      656C6F63 
 2304      69747900 
 2305              	.LASF29:
 2306 0225 6D617856 		.ascii	"maxVelocity\000"
 2306      656C6F63 
 2306      69747900 
 2307              	.LASF43:
 2308 0231 6973725F 		.ascii	"isr_fault_ClearPending\000"
 2308      6661756C 
 2308      745F436C 
 2308      65617250 
 2308      656E6469 
 2309              	.LASF31:
 2310 0248 73746570 		.ascii	"stepMode\000"
 2310      4D6F6465 
 2310      00
 2311              	.LASF17:
 2312 0251 4F6E5F53 		.ascii	"On_Step\000"
 2312      74657000 
 2313              	.LASF2:
 2314 0259 756E7369 		.ascii	"unsigned char\000"
 2314      676E6564 
 2314      20636861 
 2314      7200
 2315              	.LASF27:
 2316 0267 64656275 		.ascii	"debugOutput\000"
 2316      674F7574 
 2316      70757400 
 2317              	.LASF12:
 2318 0273 6C6F6E67 		.ascii	"long double\000"
 2318      20646F75 
 2318      626C6500 
 2319              	.LASF49:
 2320 027f 69746F61 		.ascii	"itoa\000"
 2320      00
 2321              	.LASF36:
ARM GAS  C:\Users\casey\AppData\Local\Temp\ccOobyUC.s 			page 47


 2322 0284 6462675F 		.ascii	"dbg_step\000"
 2322      73746570 
 2322      00
 2323              	.LASF59:
 2324 028d 4442475F 		.ascii	"DBG_UART_Start\000"
 2324      55415254 
 2324      5F537461 
 2324      727400
 2325              	.LASF20:
 2326 029c 53746172 		.ascii	"StartMove\000"
 2326      744D6F76 
 2326      6500
 2327              	.LASF51:
 2328 02a6 726F756E 		.ascii	"round\000"
 2328      6400
 2329              	.LASF1:
 2330 02ac 7369676E 		.ascii	"signed char\000"
 2330      65642063 
 2330      68617200 
 2331              	.LASF8:
 2332 02b8 6C6F6E67 		.ascii	"long long unsigned int\000"
 2332      206C6F6E 
 2332      6720756E 
 2332      7369676E 
 2332      65642069 
 2333              	.LASF42:
 2334 02cf 6973725F 		.ascii	"isr_lim_2_ClearPending\000"
 2334      6C696D5F 
 2334      325F436C 
 2334      65617250 
 2334      656E6469 
 2335              	.LASF57:
 2336 02e6 53746570 		.ascii	"Step_Counter_Start\000"
 2336      5F436F75 
 2336      6E746572 
 2336      5F537461 
 2336      727400
 2337              	.LASF9:
 2338 02f9 756E7369 		.ascii	"unsigned int\000"
 2338      676E6564 
 2338      20696E74 
 2338      00
 2339              	.LASF28:
 2340 0306 434C4F43 		.ascii	"CLOCK_FREQUENCY\000"
 2340      4B5F4652 
 2340      45515545 
 2340      4E435900 
 2341              	.LASF25:
 2342 0316 73746570 		.ascii	"steps\000"
 2342      7300
 2343              	.LASF4:
 2344 031c 73686F72 		.ascii	"short unsigned int\000"
 2344      7420756E 
 2344      7369676E 
 2344      65642069 
 2344      6E7400
 2345              	.LASF37:
ARM GAS  C:\Users\casey\AppData\Local\Temp\ccOobyUC.s 			page 48


 2346 032f 455F6D61 		.ascii	"E_max\000"
 2346      7800
 2347              	.LASF11:
 2348 0335 63686172 		.ascii	"char\000"
 2348      00
 2349              	.LASF63:
 2350 033a 6D61696E 		.ascii	"main\000"
 2350      00
 2351              	.LASF14:
 2352 033f 4F6E5F4C 		.ascii	"On_Lim_1\000"
 2352      696D5F31 
 2352      00
 2353              	.LASF15:
 2354 0348 4F6E5F4C 		.ascii	"On_Lim_2\000"
 2354      696D5F32 
 2354      00
 2355              	.LASF38:
 2356 0351 4442475F 		.ascii	"DBG_UART_UartPutString\000"
 2356      55415254 
 2356      5F556172 
 2356      74507574 
 2356      53747269 
 2357              	.LASF41:
 2358 0368 6973725F 		.ascii	"isr_lim_1_ClearPending\000"
 2358      6C696D5F 
 2358      315F436C 
 2358      65617250 
 2358      656E6469 
 2359              	.LASF19:
 2360 037f 67657443 		.ascii	"getCurrentPosition\000"
 2360      75727265 
 2360      6E74506F 
 2360      73697469 
 2360      6F6E00
 2361              	.LASF26:
 2362 0392 64617461 		.ascii	"data\000"
 2362      00
 2363              	.LASF61:
 2364 0397 6D61696E 		.ascii	"main.c\000"
 2364      2E6300
 2365              	.LASF6:
 2366 039e 6C6F6E67 		.ascii	"long unsigned int\000"
 2366      20756E73 
 2366      69676E65 
 2366      6420696E 
 2366      7400
 2367              	.LASF0:
 2368 03b0 646F7562 		.ascii	"double\000"
 2368      6C6500
 2369              	.LASF40:
 2370 03b7 53746570 		.ascii	"Step_Counter_WriteCounter\000"
 2370      5F436F75 
 2370      6E746572 
 2370      5F577269 
 2370      7465436F 
 2371              	.LASF46:
 2372 03d1 73717274 		.ascii	"sqrt\000"
ARM GAS  C:\Users\casey\AppData\Local\Temp\ccOobyUC.s 			page 49


 2372      00
 2373              	.LASF48:
 2374 03d6 6973725F 		.ascii	"isr_step_ClearPending\000"
 2374      73746570 
 2374      5F436C65 
 2374      61725065 
 2374      6E64696E 
 2375              	.LASF13:
 2376 03ec 73697A65 		.ascii	"sizetype\000"
 2376      74797065 
 2376      00
 2377              	.LASF22:
 2378 03f5 74617267 		.ascii	"target\000"
 2378      657400
 2379              	.LASF23:
 2380 03fc 616E676C 		.ascii	"angle\000"
 2380      6500
 2381              	.LASF45:
 2382 0402 44697265 		.ascii	"Direction_Write\000"
 2382      6374696F 
 2382      6E5F5772 
 2382      69746500 
 2383              	.LASF34:
 2384 0412 74617267 		.ascii	"targetPosition\000"
 2384      6574506F 
 2384      73697469 
 2384      6F6E00
 2385              	.LASF58:
 2386 0421 53746570 		.ascii	"Step_Timer_Init\000"
 2386      5F54696D 
 2386      65725F49 
 2386      6E697400 
 2387              		.ident	"GCC: (GNU Tools for ARM Embedded Processors) 5.4.1 20160609 (release) [ARM/embedded-5-bran
