--------------- Build Started: 02/24/2022 19:27:55 Project: StepperDriver, Configuration: ARM GCC 5.4-2016-q2-update Debug ---------------
cydsfit.exe -.appdatapath "C:\Users\casey\AppData\Local\Cypress Semiconductor\PSoC Creator\4.4" -.fdsnotice -.fdswarpdepfile=warp_dependencies.txt -.fdselabdepfile=elab_dependencies.txt -.fdsbldfile=generated_files.txt -.fdsreffile=referenced_files.txt -p "C:\Users\casey\Desktop\Robotics Stuff\TB67S249FTG_Stepper_Motor_Driver\StepperDriver.cydsn\StepperDriver.cyprj" -d CY8C4248BZI-L489 -s "C:\Users\casey\Desktop\Robotics Stuff\TB67S249FTG_Stepper_Motor_Driver\StepperDriver.cydsn\Generated_Source\PSoC4" -- -yv2 -q10 -ygs -o2 -v3 -.fftcfgtype=LE
Elaborating Design...
ADD: sdb.M0060: warning: Warning in component: CAN. The SYSCLK clock accuracy should be 1.58% or better. Please, enable WCO PLL in the Design-Wide Resource (*.cydwr) editor or use an external clock to meet the CAN accurate clocking requirements.
 * C:\Users\casey\Desktop\Robotics Stuff\TB67S249FTG_Stepper_Motor_Driver\StepperDriver.cydsn\TopDesign\TopDesign.cysch (Instance:CAN)
HDL Generation...
Synthesis...
Tech Mapping...
Analog Placement...
Analog Routing...
Analog Code Generation...
Digital Placement...
Digital Routing...
Bitstream Generation...
Bitstream Verification...
Static timing analysis...
Warning: sta.M0019: StepperDriver_timing.html: Warning-1366: Setup time violation found in a path from clock ( CyHFClk ) to clock ( CyHFClk ). (File=C:\Users\casey\Desktop\Robotics Stuff\TB67S249FTG_Stepper_Motor_Driver\StepperDriver.cydsn\StepperDriver_timing.html)
Warning: sta.M0019: StepperDriver_timing.html: Warning-1366: Setup time violation found in a path from clock ( StepClk ) to clock ( CyHFClk ). (File=C:\Users\casey\Desktop\Robotics Stuff\TB67S249FTG_Stepper_Motor_Driver\StepperDriver.cydsn\StepperDriver_timing.html)
API Generation...
Dependency Generation...
Cleanup...
arm-none-eabi-gcc.exe -mcpu=cortex-m0 -mthumb -I. -IGenerated_Source\PSoC4 -Wa,-alh=.\CortexM0\ARM_GCC_541\Debug/main.lst -g -D DEBUG -D CY_CORE_ID=0 -Wall -ffunction-sections -ffat-lto-objects -Og -c main.c -o .\CortexM0\ARM_GCC_541\Debug\main.o
arm-none-eabi-gcc.exe -mcpu=cortex-m0 -mthumb -I. -IGenerated_Source\PSoC4 -Wa,-alh=.\CortexM0\ARM_GCC_541\Debug/Step_Timer.lst -g -D DEBUG -D CY_CORE_ID=0 -Wall -ffunction-sections -ffat-lto-objects -Og -c Generated_Source\PSoC4\Step_Timer.c -o .\CortexM0\ARM_GCC_541\Debug\Step_Timer.o
arm-none-eabi-gcc.exe -mcpu=cortex-m0 -mthumb -I. -IGenerated_Source\PSoC4 -Wa,-alh=.\CortexM0\ARM_GCC_541\Debug/Step_Timer_PM.lst -g -D DEBUG -D CY_CORE_ID=0 -Wall -ffunction-sections -ffat-lto-objects -Og -c Generated_Source\PSoC4\Step_Timer_PM.c -o .\CortexM0\ARM_GCC_541\Debug\Step_Timer_PM.o
arm-none-eabi-ar.exe -rs .\CortexM0\ARM_GCC_541\Debug\StepperDriver.a .\CortexM0\ARM_GCC_541\Debug\Enable.o .\CortexM0\ARM_GCC_541\Debug\Enable_PM.o .\CortexM0\ARM_GCC_541\Debug\Step_Pin.o .\CortexM0\ARM_GCC_541\Debug\Step_Pin_PM.o .\CortexM0\ARM_GCC_541\Debug\Direction_Pin.o .\CortexM0\ARM_GCC_541\Debug\Direction_Pin_PM.o .\CortexM0\ARM_GCC_541\Debug\LED_Pin.o .\CortexM0\ARM_GCC_541\Debug\LED_Pin_PM.o .\CortexM0\ARM_GCC_541\Debug\Step_Counter.o .\CortexM0\ARM_GCC_541\Debug\Step_Counter_PM.o .\CortexM0\ARM_GCC_541\Debug\Direction.o .\CortexM0\ARM_GCC_541\Debug\Direction_PM.o .\CortexM0\ARM_GCC_541\Debug\Lim_1.o .\CortexM0\ARM_GCC_541\Debug\Lim_1_PM.o .\CortexM0\ARM_GCC_541\Debug\Lim_2.o .\CortexM0\ARM_GCC_541\Debug\Lim_2_PM.o .\CortexM0\ARM_GCC_541\Debug\CyFlash.o .\CortexM0\ARM_GCC_541\Debug\CyLib.o .\CortexM0\ARM_GCC_541\Debug\cyPm.o .\CortexM0\ARM_GCC_541\Debug\cyutils.o .\CortexM0\ARM_GCC_541\Debug\CyDMA.o .\CortexM0\ARM_GCC_541\Debug\CyLFClk.o .\CortexM0\ARM_GCC_541\Debug\cy_em_eeprom.o .\CortexM0\ARM_GCC_541\Debug\DBG_UART.o .\CortexM0\ARM_GCC_541\Debug\DBG_UART_SPI_UART.o .\CortexM0\ARM_GCC_541\Debug\DBG_UART_SPI_UART_INT.o .\CortexM0\ARM_GCC_541\Debug\DBG_UART_PM.o .\CortexM0\ARM_GCC_541\Debug\DBG_UART_UART.o .\CortexM0\ARM_GCC_541\Debug\DBG_UART_BOOT.o .\CortexM0\ARM_GCC_541\Debug\DBG_UART_UART_BOOT.o .\CortexM0\ARM_GCC_541\Debug\D2.o .\CortexM0\ARM_GCC_541\Debug\D2_PM.o .\CortexM0\ARM_GCC_541\Debug\D1.o .\CortexM0\ARM_GCC_541\Debug\D1_PM.o .\CortexM0\ARM_GCC_541\Debug\D0.o .\CortexM0\ARM_GCC_541\Debug\D0_PM.o .\CortexM0\ARM_GCC_541\Debug\CAN_RX.o .\CortexM0\ARM_GCC_541\Debug\CAN_RX_PM.o .\CortexM0\ARM_GCC_541\Debug\CAN_TX.o .\CortexM0\ARM_GCC_541\Debug\CAN_TX_PM.o .\CortexM0\ARM_GCC_541\Debug\CAN.o .\CortexM0\ARM_GCC_541\Debug\CAN_INT.o .\CortexM0\ARM_GCC_541\Debug\CAN_PM.o .\CortexM0\ARM_GCC_541\Debug\CAN_TX_RX_func.o .\CortexM0\ARM_GCC_541\Debug\DBG_UART_SCBCLK.o .\CortexM0\ARM_GCC_541\Debug\DBG_UART_tx.o .\CortexM0\ARM_GCC_541\Debug\DBG_UART_tx_PM.o .\CortexM0\ARM_GCC_541\Debug\DBG_UART_rx.o .\CortexM0\ARM_GCC_541\Debug\DBG_UART_rx_PM.o .\CortexM0\ARM_GCC_541\Debug\CAN_isr.o .\CortexM0\ARM_GCC_541\Debug\CAN_HFCLK.o .\CortexM0\ARM_GCC_541\Debug\isr_lim_1.o .\CortexM0\ARM_GCC_541\Debug\isr_lim_2.o .\CortexM0\ARM_GCC_541\Debug\CAN_addr.o .\CortexM0\ARM_GCC_541\Debug\Dip_1.o .\CortexM0\ARM_GCC_541\Debug\Dip_1_PM.o .\CortexM0\ARM_GCC_541\Debug\Dip_2.o .\CortexM0\ARM_GCC_541\Debug\Dip_2_PM.o .\CortexM0\ARM_GCC_541\Debug\Dip_3.o .\CortexM0\ARM_GCC_541\Debug\Dip_3_PM.o .\CortexM0\ARM_GCC_541\Debug\Dip_4.o .\CortexM0\ARM_GCC_541\Debug\Dip_4_PM.o .\CortexM0\ARM_GCC_541\Debug\Fault.o .\CortexM0\ARM_GCC_541\Debug\Fault_PM.o .\CortexM0\ARM_GCC_541\Debug\isr_fault.o .\CortexM0\ARM_GCC_541\Debug\isr_done.o .\CortexM0\ARM_GCC_541\Debug\Step_Timer.o .\CortexM0\ARM_GCC_541\Debug\Step_Timer_PM.o .\CortexM0\ARM_GCC_541\Debug\isr_step.o .\CortexM0\ARM_GCC_541\Debug\StepClk.o .\CortexM0\ARM_GCC_541\Debug\CyBootAsmGnu.o
arm-none-eabi-ar.exe: creating .\CortexM0\ARM_GCC_541\Debug\StepperDriver.a
arm-none-eabi-gcc.exe -Wl,--start-group -o "C:\Users\casey\Desktop\Robotics Stuff\TB67S249FTG_Stepper_Motor_Driver\StepperDriver.cydsn\CortexM0\ARM_GCC_541\Debug\StepperDriver.elf" .\CortexM0\ARM_GCC_541\Debug\main.o .\CortexM0\ARM_GCC_541\Debug\cyfitter_cfg.o .\CortexM0\ARM_GCC_541\Debug\cymetadata.o .\CortexM0\ARM_GCC_541\Debug\Cm0Start.o .\CortexM0\ARM_GCC_541\Debug\StepperDriver.a -mcpu=cortex-m0 -mthumb -l m -L Generated_Source\PSoC4 -Wl,-Map,.\CortexM0\ARM_GCC_541\Debug/StepperDriver.map -T Generated_Source\PSoC4\cm0gcc.ld -specs=nano.specs -Wl,--gc-sections -g -ffunction-sections -Og -ffat-lto-objects -Wl,--end-group
cyelftool.exe -C "C:\Users\casey\Desktop\Robotics Stuff\TB67S249FTG_Stepper_Motor_Driver\StepperDriver.cydsn\CortexM0\ARM_GCC_541\Debug\StepperDriver.elf" --flash_row_size 256 --flash_size 262144 --flash_offset 0x00000000
No ELF section .cychecksum found, creating one
Application checksum calculated and stored in ELF section .cychecksum
Checksum calculated and stored in ELF section .cymeta
cyelftool.exe -S "C:\Users\casey\Desktop\Robotics Stuff\TB67S249FTG_Stepper_Motor_Driver\StepperDriver.cydsn\CortexM0\ARM_GCC_541\Debug\StepperDriver.elf"
Flash used: 15232 of 262144 bytes (5.8%).
SRAM used: 2696 of 32768 bytes (8.2%). Stack: 2048 bytes. Heap: 128 bytes.
--------------- Build Succeeded: 02/24/2022 19:28:15 ---------------
